Unity Editor version:    2021.3.11f1 (0a5ca18544bf)
Branch:                  2021.3/staging
Build type:              Release
Batch mode:              YES
macOS version:           Version 12.6 (Build 21G115)
Darwin version:          21.6.0
Architecture:            arm64
Running under Rosetta:   NO
Available memory:        8192 MB
Using pre-set license
Pro License: YES

COMMAND LINE ARGUMENTS:
/Applications/Unity/Hub/Editor/2021.3.11f1/Unity.app/Contents/MacOS/Unity
-adb2
-batchMode
-noUpm
-name
AssetImportWorker0
-projectPath
/Users/cembozkurt/My project_01
-logFile
Logs/AssetImportWorker0.log
-srvPort
49419
Successfully changed project path to: /Users/cembozkurt/My project_01
/Users/cembozkurt/My project_01
[UnityMemory] Configuration Parameters - Can be set up in boot.config
    "memorysetup-bucket-allocator-granularity=16"
    "memorysetup-bucket-allocator-bucket-count=8"
    "memorysetup-bucket-allocator-block-size=33554432"
    "memorysetup-bucket-allocator-block-count=8"
    "memorysetup-main-allocator-block-size=16777216"
    "memorysetup-thread-allocator-block-size=16777216"
    "memorysetup-gfx-main-allocator-block-size=16777216"
    "memorysetup-gfx-thread-allocator-block-size=16777216"
    "memorysetup-cache-allocator-block-size=4194304"
    "memorysetup-typetree-allocator-block-size=2097152"
    "memorysetup-profiler-bucket-allocator-granularity=16"
    "memorysetup-profiler-bucket-allocator-bucket-count=8"
    "memorysetup-profiler-bucket-allocator-block-size=33554432"
    "memorysetup-profiler-bucket-allocator-block-count=8"
    "memorysetup-profiler-allocator-block-size=16777216"
    "memorysetup-profiler-editor-allocator-block-size=1048576"
    "memorysetup-temp-allocator-size-main=16777216"
    "memorysetup-job-temp-allocator-block-size=2097152"
    "memorysetup-job-temp-allocator-block-size-background=1048576"
    "memorysetup-job-temp-allocator-reduction-small-platforms=262144"
    "memorysetup-temp-allocator-size-background-worker=32768"
    "memorysetup-temp-allocator-size-job-worker=262144"
    "memorysetup-temp-allocator-size-preload-manager=33554432"
    "memorysetup-temp-allocator-size-nav-mesh-worker=65536"
    "memorysetup-temp-allocator-size-audio-worker=65536"
    "memorysetup-temp-allocator-size-cloud-worker=32768"
    "memorysetup-temp-allocator-size-gi-baking-worker=262144"
    "memorysetup-temp-allocator-size-gfx=262144"
Refreshing native plugins compatible for Editor in 80.04 ms, found 2 plugins.
Preloading 0 native plugins for Editor in 0.00 ms.
Initialize engine version: 2021.3.11f1 (0a5ca18544bf)
[Subsystems] Discovering subsystems at path /Applications/Unity/Hub/Editor/2021.3.11f1/Unity.app/Contents/Resources/UnitySubsystems
[Subsystems] Discovering subsystems at path /Users/cembozkurt/My project_01/Assets
GfxDevice: creating device client; threaded=0; jobified=0
 preferred device: Apple M1 (high power)
Metal devices available: 1
0: Apple M1 (high power)
Using device Apple M1 (high power)
Initializing Metal device caps: Apple M1
Initialize mono
Mono path[0] = '/Applications/Unity/Hub/Editor/2021.3.11f1/Unity.app/Contents/Managed'
Mono path[1] = '/Applications/Unity/Hub/Editor/2021.3.11f1/Unity.app/Contents/MonoBleedingEdge/lib/mono/unityjit-macos'
Mono config path = '/Applications/Unity/Hub/Editor/2021.3.11f1/Unity.app/Contents/MonoBleedingEdge/etc'
Using monoOptions --debugger-agent=transport=dt_socket,embedding=1,server=y,suspend=n,address=127.0.0.1:56544
Begin MonoManager ReloadAssembly
Registering precompiled unity dll's ...
Register platform support module: /Applications/Unity/Hub/Editor/2021.3.11f1/PlaybackEngines/WebGLSupport/UnityEditor.WebGL.Extensions.dll
Register platform support module: /Applications/Unity/Hub/Editor/2021.3.11f1/Unity.app/Contents/PlaybackEngines/MacStandaloneSupport/UnityEditor.OSXStandalone.Extensions.dll
Register platform support module: /Applications/Unity/Hub/Editor/2021.3.11f1/PlaybackEngines/iOSSupport/UnityEditor.iOS.Extensions.dll
Registered in 0.000888 seconds.
[usbmuxd] Start listen thread
[usbmuxd] Listen thread started
[usbmuxd] Send listen message
Native extension for iOS target not found
Native extension for OSXStandalone target not found
Native extension for WebGL target not found
Refreshing native plugins compatible for Editor in 94.99 ms, found 2 plugins.
Preloading 0 native plugins for Editor in 0.00 ms.
Mono: successfully reloaded assembly
- Completed reload, in  0.531 seconds
Domain Reload Profiling:
	ReloadAssembly (531ms)
		BeginReloadAssembly (70ms)
			ExecutionOrderSort (0ms)
			DisableScriptedObjects (0ms)
			BackupInstance (0ms)
			ReleaseScriptingObjects (0ms)
			CreateAndSetChildDomain (0ms)
		EndReloadAssembly (392ms)
			LoadAssemblies (72ms)
			RebuildTransferFunctionScriptingTraits (0ms)
			SetupTypeCache (71ms)
			ReleaseScriptCaches (0ms)
			RebuildScriptCaches (21ms)
			SetupLoadedEditorAssemblies (262ms)
				LogAssemblyErrors (0ms)
				InitializePlatformSupportModulesInManaged (50ms)
				SetLoadedEditorAssemblies (0ms)
				RefreshPlugins (95ms)
				BeforeProcessingInitializeOnLoad (1ms)
				ProcessInitializeOnLoadAttributes (89ms)
				ProcessInitializeOnLoadMethodAttributes (27ms)
				AfterProcessingInitializeOnLoad (0ms)
				EditorAssembliesLoaded (0ms)
			ExecutionOrderSort2 (0ms)
			AwakeInstancesAfterBackupRestoration (0ms)
Platform modules already initialized, skipping
Registering precompiled user dll's ...
Registered in 0.001471 seconds.
Begin MonoManager ReloadAssembly
Symbol file LoadedFromMemory doesn't match image /Users/cembozkurt/My project_01/Library/PackageCache/com.unity.visualscripting@1.7.8/Editor/VisualScripting.Core/Dependencies/YamlDotNet/Unity.VisualScripting.YamlDotNet.dll
Symbol file LoadedFromMemory doesn't match image /Users/cembozkurt/My project_01/Library/PackageCache/com.unity.visualscripting@1.7.8/Editor/VisualScripting.Core/Dependencies/DotNetZip/Unity.VisualScripting.IonicZip.dll
Native extension for iOS target not found
Native extension for OSXStandalone target not found
Native extension for WebGL target not found
Refreshing native plugins compatible for Editor in 82.77 ms, found 2 plugins.
Preloading 0 native plugins for Editor in 0.00 ms.
Package Manager log level set to [2]
[ScriptCompilation] NOT recompiling all scripts because this is an import worker process. Reason to compile was: Define symbols changed
Mono: successfully reloaded assembly
- Completed reload, in  0.851 seconds
Domain Reload Profiling:
	ReloadAssembly (852ms)
		BeginReloadAssembly (61ms)
			ExecutionOrderSort (0ms)
			DisableScriptedObjects (3ms)
			BackupInstance (0ms)
			ReleaseScriptingObjects (0ms)
			CreateAndSetChildDomain (13ms)
		EndReloadAssembly (721ms)
			LoadAssemblies (63ms)
			RebuildTransferFunctionScriptingTraits (0ms)
			SetupTypeCache (188ms)
			ReleaseScriptCaches (1ms)
			RebuildScriptCaches (39ms)
			SetupLoadedEditorAssemblies (394ms)
				LogAssemblyErrors (0ms)
				InitializePlatformSupportModulesInManaged (13ms)
				SetLoadedEditorAssemblies (0ms)
				RefreshPlugins (83ms)
				BeforeProcessingInitializeOnLoad (89ms)
				ProcessInitializeOnLoadAttributes (190ms)
				ProcessInitializeOnLoadMethodAttributes (19ms)
				AfterProcessingInitializeOnLoad (1ms)
				EditorAssembliesLoaded (0ms)
			ExecutionOrderSort2 (0ms)
			AwakeInstancesAfterBackupRestoration (2ms)
Platform modules already initialized, skipping
========================================================================
Worker process is ready to serve import requests
Launching external process: /Applications/Unity/Hub/Editor/2021.3.11f1/Unity.app/Contents/Tools/UnityShaderCompiler
Launched and connected shader compiler UnityShaderCompiler after 0.05 seconds
Refreshing native plugins compatible for Editor in 0.52 ms, found 2 plugins.
Preloading 0 native plugins for Editor in 0.00 ms.
Unloading 3842 Unused Serialized files (Serialized files now loaded: 0)
Unloading 29 unused Assets / (138.5 KB). Loaded Objects now: 4301.
Memory consumption went from 250.1 MB to 249.9 MB.
Total: 2.783500 ms (FindLiveObjects: 0.332000 ms CreateObjectMapping: 0.065125 ms MarkObjects: 2.279291 ms  DeleteObjects: 0.106292 ms)

AssetImportParameters requested are different than current active one (requested -> active):
  custom:video-decoder-ogg-theora: a1e56fd34408186e4bbccfd4996cb3dc -> 
  custom:container-muxer-webm: aa71ff27fc2769a1b78a27578f13a17b -> 
  custom:container-demuxer-webm: 4f35f7cbe854078d1ac9338744f61a02 -> 
  custom:video-encoder-webm-vp8: eb34c28f22e8b96e1ab97ce403110664 -> 
  custom:framework-osx-AVFoundation: e770b220cccbd017edd2c1fefb359320 -> 
  custom:audio-encoder-webm-vorbis: bf7c407c2cedff20999df2af8eb42d56 -> 
  custom:container-demuxer-ogg: 62fdf1f143b41e24485cea50d1cbac27 -> 
  custom:video-decoder-webm-vp8: 9c59270c3fd7afecdb556c50c9e8de78 -> 
  custom:audio-decoder-ogg-vorbis: bf7c407c2cedff20999df2af8eb42d56 -> 
========================================================================
Received Prepare
Registering precompiled user dll's ...
Registered in 0.001351 seconds.
Begin MonoManager ReloadAssembly
Thread 0x28d6ef000 may have been prematurely finalized
Symbol file LoadedFromMemory doesn't match image /Users/cembozkurt/My project_01/Library/PackageCache/com.unity.visualscripting@1.7.8/Editor/VisualScripting.Core/Dependencies/YamlDotNet/Unity.VisualScripting.YamlDotNet.dll
Symbol file LoadedFromMemory doesn't match image /Users/cembozkurt/My project_01/Library/PackageCache/com.unity.visualscripting@1.7.8/Editor/VisualScripting.Core/Dependencies/DotNetZip/Unity.VisualScripting.IonicZip.dll
Native extension for iOS target not found
Native extension for OSXStandalone target not found
Native extension for WebGL target not found
Refreshing native plugins compatible for Editor in 0.40 ms, found 2 plugins.
Preloading 0 native plugins for Editor in 0.00 ms.
[ScriptCompilation] NOT recompiling all scripts because this is an import worker process. Reason to compile was: Define symbols changed
Mono: successfully reloaded assembly
- Completed reload, in  0.636 seconds
Domain Reload Profiling:
	ReloadAssembly (637ms)
		BeginReloadAssembly (105ms)
			ExecutionOrderSort (0ms)
			DisableScriptedObjects (3ms)
			BackupInstance (0ms)
			ReleaseScriptingObjects (0ms)
			CreateAndSetChildDomain (47ms)
		EndReloadAssembly (474ms)
			LoadAssemblies (44ms)
			RebuildTransferFunctionScriptingTraits (3ms)
			SetupTypeCache (184ms)
			ReleaseScriptCaches (1ms)
			RebuildScriptCaches (27ms)
			SetupLoadedEditorAssemblies (183ms)
				LogAssemblyErrors (0ms)
				InitializePlatformSupportModulesInManaged (15ms)
				SetLoadedEditorAssemblies (0ms)
				RefreshPlugins (0ms)
				BeforeProcessingInitializeOnLoad (44ms)
				ProcessInitializeOnLoadAttributes (109ms)
				ProcessInitializeOnLoadMethodAttributes (13ms)
				AfterProcessingInitializeOnLoad (1ms)
				EditorAssembliesLoaded (0ms)
			ExecutionOrderSort2 (0ms)
			AwakeInstancesAfterBackupRestoration (3ms)
Platform modules already initialized, skipping
Refreshing native plugins compatible for Editor in 0.78 ms, found 2 plugins.
Preloading 0 native plugins for Editor in 0.00 ms.
Unloading 3827 Unused Serialized files (Serialized files now loaded: 0)
Unloading 21 unused Assets / (87.3 KB). Loaded Objects now: 4305.
Memory consumption went from 249.6 MB to 249.5 MB.
Total: 2.350417 ms (FindLiveObjects: 0.129709 ms CreateObjectMapping: 0.047500 ms MarkObjects: 2.098125 ms  DeleteObjects: 0.074292 ms)

AssetImportParameters requested are different than current active one (requested -> active):
  custom:video-decoder-ogg-theora: a1e56fd34408186e4bbccfd4996cb3dc -> 
  custom:container-muxer-webm: aa71ff27fc2769a1b78a27578f13a17b -> 
  custom:container-demuxer-webm: 4f35f7cbe854078d1ac9338744f61a02 -> 
  custom:video-encoder-webm-vp8: eb34c28f22e8b96e1ab97ce403110664 -> 
  custom:framework-osx-AVFoundation: e770b220cccbd017edd2c1fefb359320 -> 
  custom:audio-encoder-webm-vorbis: bf7c407c2cedff20999df2af8eb42d56 -> 
  custom:container-demuxer-ogg: 62fdf1f143b41e24485cea50d1cbac27 -> 
  custom:video-decoder-webm-vp8: 9c59270c3fd7afecdb556c50c9e8de78 -> 
  custom:audio-decoder-ogg-vorbis: bf7c407c2cedff20999df2af8eb42d56 -> 
========================================================================
Received Prepare
Registering precompiled user dll's ...
Registered in 0.001498 seconds.
Begin MonoManager ReloadAssembly
Thread 0x28a563000 may have been prematurely finalized
Symbol file LoadedFromMemory doesn't match image /Users/cembozkurt/My project_01/Library/PackageCache/com.unity.visualscripting@1.7.8/Editor/VisualScripting.Core/Dependencies/YamlDotNet/Unity.VisualScripting.YamlDotNet.dll
Symbol file LoadedFromMemory doesn't match image /Users/cembozkurt/My project_01/Library/PackageCache/com.unity.visualscripting@1.7.8/Editor/VisualScripting.Core/Dependencies/DotNetZip/Unity.VisualScripting.IonicZip.dll
Native extension for iOS target not found
Native extension for OSXStandalone target not found
Native extension for WebGL target not found
Refreshing native plugins compatible for Editor in 0.48 ms, found 2 plugins.
Preloading 0 native plugins for Editor in 0.00 ms.
[ScriptCompilation] NOT recompiling all scripts because this is an import worker process. Reason to compile was: Define symbols changed
Mono: successfully reloaded assembly
- Completed reload, in  0.670 seconds
Domain Reload Profiling:
	ReloadAssembly (672ms)
		BeginReloadAssembly (115ms)
			ExecutionOrderSort (0ms)
			DisableScriptedObjects (4ms)
			BackupInstance (0ms)
			ReleaseScriptingObjects (0ms)
			CreateAndSetChildDomain (53ms)
		EndReloadAssembly (495ms)
			LoadAssemblies (51ms)
			RebuildTransferFunctionScriptingTraits (0ms)
			SetupTypeCache (195ms)
			ReleaseScriptCaches (1ms)
			RebuildScriptCaches (27ms)
			SetupLoadedEditorAssemblies (194ms)
				LogAssemblyErrors (0ms)
				InitializePlatformSupportModulesInManaged (16ms)
				SetLoadedEditorAssemblies (0ms)
				RefreshPlugins (0ms)
				BeforeProcessingInitializeOnLoad (45ms)
				ProcessInitializeOnLoadAttributes (117ms)
				ProcessInitializeOnLoadMethodAttributes (14ms)
				AfterProcessingInitializeOnLoad (1ms)
				EditorAssembliesLoaded (0ms)
			ExecutionOrderSort2 (0ms)
			AwakeInstancesAfterBackupRestoration (3ms)
Platform modules already initialized, skipping
Refreshing native plugins compatible for Editor in 0.78 ms, found 2 plugins.
Preloading 0 native plugins for Editor in 0.00 ms.
Unloading 3827 Unused Serialized files (Serialized files now loaded: 0)
Unloading 21 unused Assets / (87.7 KB). Loaded Objects now: 4309.
Memory consumption went from 250.2 MB to 250.1 MB.
Total: 2.386208 ms (FindLiveObjects: 0.139666 ms CreateObjectMapping: 0.047875 ms MarkObjects: 2.123833 ms  DeleteObjects: 0.073958 ms)

AssetImportParameters requested are different than current active one (requested -> active):
  custom:video-decoder-ogg-theora: a1e56fd34408186e4bbccfd4996cb3dc -> 
  custom:container-muxer-webm: aa71ff27fc2769a1b78a27578f13a17b -> 
  custom:container-demuxer-webm: 4f35f7cbe854078d1ac9338744f61a02 -> 
  custom:video-encoder-webm-vp8: eb34c28f22e8b96e1ab97ce403110664 -> 
  custom:framework-osx-AVFoundation: e770b220cccbd017edd2c1fefb359320 -> 
  custom:audio-encoder-webm-vorbis: bf7c407c2cedff20999df2af8eb42d56 -> 
  custom:container-demuxer-ogg: 62fdf1f143b41e24485cea50d1cbac27 -> 
  custom:video-decoder-webm-vp8: 9c59270c3fd7afecdb556c50c9e8de78 -> 
  custom:audio-decoder-ogg-vorbis: bf7c407c2cedff20999df2af8eb42d56 -> 
========================================================================
Received Import Request.
  Time since last request: 2034.533807 seconds.
  path: Assets/Script
  artifactKey: Guid(bb1added07de14a96b8426ad5831b727) Importer(815301076,1909f56bfc062723c751e8b465ee728b)
Start importing Assets/Script using Guid(bb1added07de14a96b8426ad5831b727) Importer(815301076,1909f56bfc062723c751e8b465ee728b)  -> (artifact id: '4cf8363af03134fd52b0aa1df16f47da') in 0.004939 seconds 
========================================================================
Received Prepare
Registering precompiled user dll's ...
Registered in 0.001560 seconds.
Begin MonoManager ReloadAssembly
Thread 0x288087000 may have been prematurely finalized
Symbol file LoadedFromMemory doesn't match image /Users/cembozkurt/My project_01/Library/PackageCache/com.unity.visualscripting@1.7.8/Editor/VisualScripting.Core/Dependencies/YamlDotNet/Unity.VisualScripting.YamlDotNet.dll
Symbol file LoadedFromMemory doesn't match image /Users/cembozkurt/My project_01/Library/PackageCache/com.unity.visualscripting@1.7.8/Editor/VisualScripting.Core/Dependencies/DotNetZip/Unity.VisualScripting.IonicZip.dll
Native extension for iOS target not found
Native extension for OSXStandalone target not found
Native extension for WebGL target not found
Refreshing native plugins compatible for Editor in 0.61 ms, found 2 plugins.
Preloading 0 native plugins for Editor in 0.00 ms.
[ScriptCompilation] NOT recompiling all scripts because this is an import worker process. Reason to compile was: Define symbols changed
Mono: successfully reloaded assembly
- Completed reload, in  0.637 seconds
Domain Reload Profiling:
	ReloadAssembly (638ms)
		BeginReloadAssembly (79ms)
			ExecutionOrderSort (0ms)
			DisableScriptedObjects (3ms)
			BackupInstance (0ms)
			ReleaseScriptingObjects (0ms)
			CreateAndSetChildDomain (29ms)
		EndReloadAssembly (500ms)
			LoadAssemblies (42ms)
			RebuildTransferFunctionScriptingTraits (0ms)
			SetupTypeCache (202ms)
			ReleaseScriptCaches (1ms)
			RebuildScriptCaches (29ms)
			SetupLoadedEditorAssemblies (191ms)
				LogAssemblyErrors (0ms)
				InitializePlatformSupportModulesInManaged (16ms)
				SetLoadedEditorAssemblies (0ms)
				RefreshPlugins (1ms)
				BeforeProcessingInitializeOnLoad (46ms)
				ProcessInitializeOnLoadAttributes (112ms)
				ProcessInitializeOnLoadMethodAttributes (14ms)
				AfterProcessingInitializeOnLoad (1ms)
				EditorAssembliesLoaded (0ms)
			ExecutionOrderSort2 (0ms)
			AwakeInstancesAfterBackupRestoration (3ms)
Platform modules already initialized, skipping
Refreshing native plugins compatible for Editor in 0.79 ms, found 2 plugins.
Preloading 0 native plugins for Editor in 0.00 ms.
Unloading 3827 Unused Serialized files (Serialized files now loaded: 0)
Unloading 21 unused Assets / (87.6 KB). Loaded Objects now: 4313.
Memory consumption went from 250.6 MB to 250.5 MB.
Total: 2.471458 ms (FindLiveObjects: 0.152042 ms CreateObjectMapping: 0.065167 ms MarkObjects: 2.202583 ms  DeleteObjects: 0.051083 ms)

AssetImportParameters requested are different than current active one (requested -> active):
  custom:video-decoder-ogg-theora: a1e56fd34408186e4bbccfd4996cb3dc -> 
  custom:container-muxer-webm: aa71ff27fc2769a1b78a27578f13a17b -> 
  custom:container-demuxer-webm: 4f35f7cbe854078d1ac9338744f61a02 -> 
  custom:video-encoder-webm-vp8: eb34c28f22e8b96e1ab97ce403110664 -> 
  custom:framework-osx-AVFoundation: e770b220cccbd017edd2c1fefb359320 -> 
  custom:audio-encoder-webm-vorbis: bf7c407c2cedff20999df2af8eb42d56 -> 
  custom:container-demuxer-ogg: 62fdf1f143b41e24485cea50d1cbac27 -> 
  custom:video-decoder-webm-vp8: 9c59270c3fd7afecdb556c50c9e8de78 -> 
  custom:audio-decoder-ogg-vorbis: bf7c407c2cedff20999df2af8eb42d56 -> 
========================================================================
Received Prepare
Registering precompiled user dll's ...
Registered in 0.003728 seconds.
Begin MonoManager ReloadAssembly
Thread 0x17fa47000 may have been prematurely finalized
Symbol file LoadedFromMemory doesn't match image /Users/cembozkurt/My project_01/Library/PackageCache/com.unity.visualscripting@1.7.8/Editor/VisualScripting.Core/Dependencies/YamlDotNet/Unity.VisualScripting.YamlDotNet.dll
Symbol file LoadedFromMemory doesn't match image /Users/cembozkurt/My project_01/Library/PackageCache/com.unity.visualscripting@1.7.8/Editor/VisualScripting.Core/Dependencies/DotNetZip/Unity.VisualScripting.IonicZip.dll
Native extension for iOS target not found
Native extension for OSXStandalone target not found
Native extension for WebGL target not found
Refreshing native plugins compatible for Editor in 0.49 ms, found 2 plugins.
Preloading 0 native plugins for Editor in 0.00 ms.
Mono: successfully reloaded assembly
- Completed reload, in  0.660 seconds
Domain Reload Profiling:
	ReloadAssembly (660ms)
		BeginReloadAssembly (109ms)
			ExecutionOrderSort (0ms)
			DisableScriptedObjects (3ms)
			BackupInstance (0ms)
			ReleaseScriptingObjects (0ms)
			CreateAndSetChildDomain (38ms)
		EndReloadAssembly (495ms)
			LoadAssemblies (71ms)
			RebuildTransferFunctionScriptingTraits (0ms)
			SetupTypeCache (181ms)
			ReleaseScriptCaches (1ms)
			RebuildScriptCaches (29ms)
			SetupLoadedEditorAssemblies (197ms)
				LogAssemblyErrors (0ms)
				InitializePlatformSupportModulesInManaged (19ms)
				SetLoadedEditorAssemblies (0ms)
				RefreshPlugins (1ms)
				BeforeProcessingInitializeOnLoad (46ms)
				ProcessInitializeOnLoadAttributes (115ms)
				ProcessInitializeOnLoadMethodAttributes (15ms)
				AfterProcessingInitializeOnLoad (1ms)
				EditorAssembliesLoaded (0ms)
			ExecutionOrderSort2 (0ms)
			AwakeInstancesAfterBackupRestoration (3ms)
Platform modules already initialized, skipping
Refreshing native plugins compatible for Editor in 1.16 ms, found 2 plugins.
Preloading 0 native plugins for Editor in 0.00 ms.
Unloading 3829 Unused Serialized files (Serialized files now loaded: 0)
Unloading 21 unused Assets / (88.6 KB). Loaded Objects now: 4319.
Memory consumption went from 250.8 MB to 250.7 MB.
Total: 2.341209 ms (FindLiveObjects: 0.129250 ms CreateObjectMapping: 0.047542 ms MarkObjects: 2.104708 ms  DeleteObjects: 0.059167 ms)

AssetImportParameters requested are different than current active one (requested -> active):
  custom:video-decoder-ogg-theora: a1e56fd34408186e4bbccfd4996cb3dc -> 
  custom:container-muxer-webm: aa71ff27fc2769a1b78a27578f13a17b -> 
  custom:container-demuxer-webm: 4f35f7cbe854078d1ac9338744f61a02 -> 
  custom:video-encoder-webm-vp8: eb34c28f22e8b96e1ab97ce403110664 -> 
  custom:framework-osx-AVFoundation: e770b220cccbd017edd2c1fefb359320 -> 
  custom:audio-encoder-webm-vorbis: bf7c407c2cedff20999df2af8eb42d56 -> 
  custom:container-demuxer-ogg: 62fdf1f143b41e24485cea50d1cbac27 -> 
  custom:video-decoder-webm-vp8: 9c59270c3fd7afecdb556c50c9e8de78 -> 
  custom:audio-decoder-ogg-vorbis: bf7c407c2cedff20999df2af8eb42d56 -> 
========================================================================
Received Import Request.
  Time since last request: 159.050013 seconds.
  path: Assets/LB3D/CrabMonster
  artifactKey: Guid(58062ea3c54a67b43bd6e8806ed18b46) Importer(815301076,1909f56bfc062723c751e8b465ee728b)
Start importing Assets/LB3D/CrabMonster using Guid(58062ea3c54a67b43bd6e8806ed18b46) Importer(815301076,1909f56bfc062723c751e8b465ee728b)  -> (artifact id: '0fd5e909b75aa5b65a98037919e473e8') in 0.007317 seconds 
========================================================================
Received Import Request.
  Time since last request: 22.135046 seconds.
  path: Assets/LB3D/CrabMonster/Models
  artifactKey: Guid(e5d6b4d61c43e1147be3a847a8b0f0f4) Importer(815301076,1909f56bfc062723c751e8b465ee728b)
Start importing Assets/LB3D/CrabMonster/Models using Guid(e5d6b4d61c43e1147be3a847a8b0f0f4) Importer(815301076,1909f56bfc062723c751e8b465ee728b)  -> (artifact id: '9cb3d0afd46a7c733bd3b47eed2b2977') in 0.001176 seconds 
========================================================================
Received Import Request.
  Time since last request: 0.059308 seconds.
  path: Assets/LB3D/CrabMonster/Models/crab-monster.fbx
  artifactKey: Guid(5779b1a41ccf45b45bfc238034373133) Importer(815301076,1909f56bfc062723c751e8b465ee728b)
Start importing Assets/LB3D/CrabMonster/Models/crab-monster.fbx using Guid(5779b1a41ccf45b45bfc238034373133) Importer(815301076,1909f56bfc062723c751e8b465ee728b)  -> (artifact id: 'eb83a70ef00df623da9641b83c52a831') in 1.285210 seconds 
========================================================================
Received Import Request.
  Time since last request: 18.293735 seconds.
  path: Assets/LB3D/CrabMonster/Models/Materials
  artifactKey: Guid(2f006c9c3281d9844b2edb717bb70953) Importer(815301076,1909f56bfc062723c751e8b465ee728b)
Start importing Assets/LB3D/CrabMonster/Models/Materials using Guid(2f006c9c3281d9844b2edb717bb70953) Importer(815301076,1909f56bfc062723c751e8b465ee728b)  -> (artifact id: '36c4c80bf51d35e0fc82c5def98396d2') in 0.000978 seconds 
========================================================================
Received Import Request.
  Time since last request: 0.053256 seconds.
  path: Assets/LB3D/CrabMonster/Models/Materials/Eyes.mat
  artifactKey: Guid(debb471f6867386458e8629f4c60f19f) Importer(815301076,1909f56bfc062723c751e8b465ee728b)
Start importing Assets/LB3D/CrabMonster/Models/Materials/Eyes.mat using Guid(debb471f6867386458e8629f4c60f19f) Importer(815301076,1909f56bfc062723c751e8b465ee728b)  -> (artifact id: '2009f2fb585badda209da3f776d2215a') in 0.068989 seconds 
========================================================================
Received Import Request.
  Time since last request: 9.036347 seconds.
  path: Assets/LB3D/CrabMonster/Materials
  artifactKey: Guid(1648d70f530404f4287f68ee7c52ce5a) Importer(815301076,1909f56bfc062723c751e8b465ee728b)
Start importing Assets/LB3D/CrabMonster/Materials using Guid(1648d70f530404f4287f68ee7c52ce5a) Importer(815301076,1909f56bfc062723c751e8b465ee728b)  -> (artifact id: 'd9bde27101849796ab8cc4ecc55fb556') in 0.000811 seconds 
========================================================================
Received Import Request.
  Time since last request: 0.027651 seconds.
  path: Assets/LB3D/CrabMonster/Materials/Plane.mat
  artifactKey: Guid(bf1ff14cff133eb499e5c8a0c3950bc2) Importer(815301076,1909f56bfc062723c751e8b465ee728b)
Start importing Assets/LB3D/CrabMonster/Materials/Plane.mat using Guid(bf1ff14cff133eb499e5c8a0c3950bc2) Importer(815301076,1909f56bfc062723c751e8b465ee728b)  -> (artifact id: 'b4022fe8c9c24c5d2e9c744f82646505') in 0.008377 seconds 
========================================================================
Received Import Request.
  Time since last request: 0.000046 seconds.
  path: Assets/LB3D/CrabMonster/Materials/Rikayon.mat
  artifactKey: Guid(e061968e56112fe4ca8c0ad3347c2a0d) Importer(815301076,1909f56bfc062723c751e8b465ee728b)
Start importing Assets/LB3D/CrabMonster/Materials/Rikayon.mat using Guid(e061968e56112fe4ca8c0ad3347c2a0d) Importer(815301076,1909f56bfc062723c751e8b465ee728b)  -> (artifact id: '27f2ed283f1128067c76f47430a84f5e') in 0.364688 seconds 
========================================================================
Received Import Request.
  Time since last request: 259.483525 seconds.
  path: Assets/Texture
  artifactKey: Guid(7fa33e3d6a0f545878985caf2fa0e26c) Importer(815301076,1909f56bfc062723c751e8b465ee728b)
Start importing Assets/Texture using Guid(7fa33e3d6a0f545878985caf2fa0e26c) Importer(815301076,1909f56bfc062723c751e8b465ee728b)  -> (artifact id: '62cad67d733d76ffc71e633059071527') in 0.001803 seconds 
========================================================================
Received Import Request.
  Time since last request: 7.569318 seconds.
  path: Assets/Material
  artifactKey: Guid(d2c4f4584f57247f886bbad7be457ec6) Importer(815301076,1909f56bfc062723c751e8b465ee728b)
Start importing Assets/Material using Guid(d2c4f4584f57247f886bbad7be457ec6) Importer(815301076,1909f56bfc062723c751e8b465ee728b)  -> (artifact id: '4d2f426e4176129a1daa005756b4ce49') in 0.000734 seconds 
========================================================================
Received Import Request.
  Time since last request: 21.388977 seconds.
  path: Assets/Texture/ar_cursor (2).png
  artifactKey: Guid(da38a6cba059640c7b9496ac78e6db2e) Importer(815301076,1909f56bfc062723c751e8b465ee728b)
Start importing Assets/Texture/ar_cursor (2).png using Guid(da38a6cba059640c7b9496ac78e6db2e) Importer(815301076,1909f56bfc062723c751e8b465ee728b)  -> (artifact id: 'aa53a745b1ee6b5af3dd96267e2ea39c') in 0.361886 seconds 
========================================================================
Received Import Request.
  Time since last request: 16.364258 seconds.
  path: Assets/Texture/ar_cursor (2).png
  artifactKey: Guid(da38a6cba059640c7b9496ac78e6db2e) Importer(815301076,1909f56bfc062723c751e8b465ee728b)
Start importing Assets/Texture/ar_cursor (2).png using Guid(da38a6cba059640c7b9496ac78e6db2e) Importer(815301076,1909f56bfc062723c751e8b465ee728b)  -> (artifact id: 'feac72866c39e134ed4acb5da2069364') in 0.005426 seconds 
========================================================================
Received Import Request.
  Time since last request: 24.841315 seconds.
  path: Assets/Material/New Material.mat
  artifactKey: Guid(e4ed46543dd4e4f0681317c70e1a05e4) Importer(815301076,1909f56bfc062723c751e8b465ee728b)
Start importing Assets/Material/New Material.mat using Guid(e4ed46543dd4e4f0681317c70e1a05e4) Importer(815301076,1909f56bfc062723c751e8b465ee728b)  -> (artifact id: '934c9fd057e50f1afa21e7677c51d923') in 0.007439 seconds 
========================================================================
Received Import Request.
  Time since last request: 12.099218 seconds.
  path: Assets/Material/Indicator.mat
  artifactKey: Guid(e4ed46543dd4e4f0681317c70e1a05e4) Importer(815301076,1909f56bfc062723c751e8b465ee728b)
Start importing Assets/Material/Indicator.mat using Guid(e4ed46543dd4e4f0681317c70e1a05e4) Importer(815301076,1909f56bfc062723c751e8b465ee728b)  -> (artifact id: '616f6932c29c0974243053992dea907f') in 0.005077 seconds 
========================================================================
Received Import Request.
  Time since last request: 48.021951 seconds.
  path: Assets/LB3D/CrabMonster/Textures/crab-monster_Eyes_AlbedoTransparency.png
  artifactKey: Guid(79d4ee73329306d4d99cdbbe412916f0) Importer(815301076,1909f56bfc062723c751e8b465ee728b)
Start importing Assets/LB3D/CrabMonster/Textures/crab-monster_Eyes_AlbedoTransparency.png using Guid(79d4ee73329306d4d99cdbbe412916f0) Importer(815301076,1909f56bfc062723c751e8b465ee728b)  -> (artifact id: '889559cb037d56e3615b42ef23c7a9a9') in 0.165900 seconds 
========================================================================
Received Import Request.
  Time since last request: 0.000099 seconds.
  path: Assets/LB3D/CrabMonster/Textures/crab-monster_Eyes_Normal.png
  artifactKey: Guid(dd18656319233f04f92af299eddb1381) Importer(815301076,1909f56bfc062723c751e8b465ee728b)
Start importing Assets/LB3D/CrabMonster/Textures/crab-monster_Eyes_Normal.png using Guid(dd18656319233f04f92af299eddb1381) Importer(815301076,1909f56bfc062723c751e8b465ee728b)  -> (artifact id: '1fd44a417f8863a90a0f5ea8fa8437a0') in 0.075559 seconds 
========================================================================
Received Import Request.
  Time since last request: 0.000095 seconds.
  path: Assets/LB3D/CrabMonster/Textures/crab-monster_Rikayon_Normal.png
  artifactKey: Guid(3a10efc6b4601b745bb3d8c822d559d9) Importer(815301076,1909f56bfc062723c751e8b465ee728b)
Start importing Assets/LB3D/CrabMonster/Textures/crab-monster_Rikayon_Normal.png using Guid(3a10efc6b4601b745bb3d8c822d559d9) Importer(815301076,1909f56bfc062723c751e8b465ee728b)  -> (artifact id: 'd0b877a0676e3f1e007be21b8261aa7f') in 0.247420 seconds 
========================================================================
Received Import Request.
  Time since last request: 162.729829 seconds.
  path: Assets/LB3D/CrabMonster/Models/Armature_Take_Damage_2.anim
  artifactKey: Guid(b63a4c09fa3304ccdae071759da3a370) Importer(815301076,1909f56bfc062723c751e8b465ee728b)
Start importing Assets/LB3D/CrabMonster/Models/Armature_Take_Damage_2.anim using Guid(b63a4c09fa3304ccdae071759da3a370) Importer(815301076,1909f56bfc062723c751e8b465ee728b)  -> (artifact id: 'a0fc3041c9d085ab8fb797254ad5e661') in 0.048356 seconds 
========================================================================
Received Import Request.
  Time since last request: 189.109654 seconds.
  path: Assets/LB3D/CrabMonster/Prefabs/CrabMonster 1.prefab
  artifactKey: Guid(4e7afdf31c20ebf419ea38bf1d358719) Importer(815301076,1909f56bfc062723c751e8b465ee728b)
Start importing Assets/LB3D/CrabMonster/Prefabs/CrabMonster 1.prefab using Guid(4e7afdf31c20ebf419ea38bf1d358719) Importer(815301076,1909f56bfc062723c751e8b465ee728b) Asset 'Rikayon': Transition 'AnyState -> Armature|Rest_1' in state 'AnyState' doesn't have an Exit Time or any condition, transition will be ignored
UnityEngine.StackTraceUtility:ExtractStackTrace () (at /Users/bokken/buildslave/unity/build/Runtime/Export/Scripting/StackTrace.cs:37)
UnityEditor.EditorUtility:Internal_InstantiateRemoveAllNonAnimationComponentsSingle (UnityEngine.Object,UnityEngine.Vector3,UnityEngine.Quaternion)
UnityEditor.EditorUtility:InstantiateRemoveAllNonAnimationComponents (UnityEngine.Object,UnityEngine.Vector3,UnityEngine.Quaternion) (at /Users/bokken/buildslave/unity/build/Editor/Mono/EditorUtility.cs:649)
UnityEditor.EditorUtility:InstantiateForAnimatorPreview (UnityEngine.Object) (at /Users/bokken/buildslave/unity/build/Editor/Mono/EditorUtility.cs:615)
UnityEditor.GameObjectInspector/PreviewData:UpdateGameObject (UnityEngine.Object) (at /Users/bokken/buildslave/unity/build/Editor/Mono/Inspector/GameObjectInspector.cs:101)
UnityEditor.GameObjectInspector/PreviewData:.ctor (UnityEngine.Object) (at /Users/bokken/buildslave/unity/build/Editor/Mono/Inspector/GameObjectInspector.cs:95)
UnityEditor.GameObjectInspector:GetPreviewData () (at /Users/bokken/buildslave/unity/build/Editor/Mono/Inspector/GameObjectInspector.cs:677)
UnityEditor.GameObjectInspector:RenderStaticPreview (string,UnityEngine.Object[],int,int) (at /Users/bokken/buildslave/unity/build/Editor/Mono/Inspector/GameObjectInspector.cs:887)
UnityEditor.AssetPreviewUpdater:CreatePreview (UnityEngine.Object,UnityEngine.Object[],string,int,int) (at /Users/bokken/buildslave/unity/build/Editor/Mono/AssetPreviewUpdater.cs:38)
UnityEditor.AssetPreviewUpdater:CreatePreviewForAsset (UnityEngine.Object,UnityEngine.Object[],string) (at /Users/bokken/buildslave/unity/build/Editor/Mono/AssetPreviewUpdater.cs:9)

[/Users/bokken/buildslave/unity/build/Runtime/Export/Scripting/StackTrace.cs line 37]

 -> (artifact id: '4ff6811ee5f7367eeeb96a62ac283c25') in 0.692144 seconds 
========================================================================
Received Import Request.
  Time since last request: 0.000108 seconds.
  path: Assets/LB3D/CrabMonster/Scenes/watermark.psd
  artifactKey: Guid(62fd8a7c90e6f7f43b3224bc2f625834) Importer(815301076,1909f56bfc062723c751e8b465ee728b)
Start importing Assets/LB3D/CrabMonster/Scenes/watermark.psd using Guid(62fd8a7c90e6f7f43b3224bc2f625834) Importer(815301076,1909f56bfc062723c751e8b465ee728b)  -> (artifact id: 'c6f120c15b3374625f278e6cea3373ef') in 0.317105 seconds 
========================================================================
Received Import Request.
  Time since last request: 86.593329 seconds.
  path: Assets/Prefab
  artifactKey: Guid(463e8252983284196a70053d63ea2bd6) Importer(815301076,1909f56bfc062723c751e8b465ee728b)
Start importing Assets/Prefab using Guid(463e8252983284196a70053d63ea2bd6) Importer(815301076,1909f56bfc062723c751e8b465ee728b)  -> (artifact id: 'af0c3c645f636364abf5fdf9feda35d7') in 0.000791 seconds 
========================================================================
Received Import Request.
  Time since last request: 18.338580 seconds.
  path: Assets/Prefab/crab-monster.prefab
  artifactKey: Guid(e253ccc03f3904b7591db4a416d2dd92) Importer(815301076,1909f56bfc062723c751e8b465ee728b)
Start importing Assets/Prefab/crab-monster.prefab using Guid(e253ccc03f3904b7591db4a416d2dd92) Importer(815301076,1909f56bfc062723c751e8b465ee728b) The Animator Controller (crab-monster) you have used is not valid. Animations will not play
UnityEngine.StackTraceUtility:ExtractStackTrace () (at /Users/bokken/buildslave/unity/build/Runtime/Export/Scripting/StackTrace.cs:37)
UnityEditor.EditorUtility:Internal_InstantiateRemoveAllNonAnimationComponentsSingle (UnityEngine.Object,UnityEngine.Vector3,UnityEngine.Quaternion)
UnityEditor.EditorUtility:InstantiateRemoveAllNonAnimationComponents (UnityEngine.Object,UnityEngine.Vector3,UnityEngine.Quaternion) (at /Users/bokken/buildslave/unity/build/Editor/Mono/EditorUtility.cs:649)
UnityEditor.EditorUtility:InstantiateForAnimatorPreview (UnityEngine.Object) (at /Users/bokken/buildslave/unity/build/Editor/Mono/EditorUtility.cs:615)
UnityEditor.GameObjectInspector/PreviewData:UpdateGameObject (UnityEngine.Object) (at /Users/bokken/buildslave/unity/build/Editor/Mono/Inspector/GameObjectInspector.cs:101)
UnityEditor.GameObjectInspector/PreviewData:.ctor (UnityEngine.Object) (at /Users/bokken/buildslave/unity/build/Editor/Mono/Inspector/GameObjectInspector.cs:95)
UnityEditor.GameObjectInspector:GetPreviewData () (at /Users/bokken/buildslave/unity/build/Editor/Mono/Inspector/GameObjectInspector.cs:677)
UnityEditor.GameObjectInspector:RenderStaticPreview (string,UnityEngine.Object[],int,int) (at /Users/bokken/buildslave/unity/build/Editor/Mono/Inspector/GameObjectInspector.cs:887)
UnityEditor.AssetPreviewUpdater:CreatePreview (UnityEngine.Object,UnityEngine.Object[],string,int,int) (at /Users/bokken/buildslave/unity/build/Editor/Mono/AssetPreviewUpdater.cs:38)
UnityEditor.AssetPreviewUpdater:CreatePreviewForAsset (UnityEngine.Object,UnityEngine.Object[],string) (at /Users/bokken/buildslave/unity/build/Editor/Mono/AssetPreviewUpdater.cs:9)

[/Users/bokken/buildslave/unity/build/Runtime/Export/Scripting/StackTrace.cs line 37]

The Animator Controller (crab-monster) you have used is not valid. Animations will not play
UnityEngine.StackTraceUtility:ExtractStackTrace () (at /Users/bokken/buildslave/unity/build/Runtime/Export/Scripting/StackTrace.cs:37)
UnityEditor.EditorUtility:InitInstantiatedPreviewRecursive (UnityEngine.GameObject) (at /Users/bokken/buildslave/unity/build/Editor/Mono/EditorUtility.cs:604)
UnityEditor.EditorUtility:InstantiateForAnimatorPreview (UnityEngine.Object) (at /Users/bokken/buildslave/unity/build/Editor/Mono/EditorUtility.cs:618)
UnityEditor.GameObjectInspector/PreviewData:UpdateGameObject (UnityEngine.Object) (at /Users/bokken/buildslave/unity/build/Editor/Mono/Inspector/GameObjectInspector.cs:101)
UnityEditor.GameObjectInspector/PreviewData:.ctor (UnityEngine.Object) (at /Users/bokken/buildslave/unity/build/Editor/Mono/Inspector/GameObjectInspector.cs:95)
UnityEditor.GameObjectInspector:GetPreviewData () (at /Users/bokken/buildslave/unity/build/Editor/Mono/Inspector/GameObjectInspector.cs:677)
UnityEditor.GameObjectInspector:RenderStaticPreview (string,UnityEngine.Object[],int,int) (at /Users/bokken/buildslave/unity/build/Editor/Mono/Inspector/GameObjectInspector.cs:887)
UnityEditor.AssetPreviewUpdater:CreatePreview (UnityEngine.Object,UnityEngine.Object[],string,int,int) (at /Users/bokken/buildslave/unity/build/Editor/Mono/AssetPreviewUpdater.cs:38)
UnityEditor.AssetPreviewUpdater:CreatePreviewForAsset (UnityEngine.Object,UnityEngine.Object[],string) (at /Users/bokken/buildslave/unity/build/Editor/Mono/AssetPreviewUpdater.cs:9)

[/Users/bokken/buildslave/unity/build/Runtime/Export/Scripting/StackTrace.cs line 37]

 -> (artifact id: '8dc78fa915d2e90bbe44211b08b8b919') in 0.205239 seconds 
[usbmuxd] Attached: 1 00008030-000E688A14D1802E
[usbmuxd] Detached: 1 00008030-000E688A14D1802E
[usbmuxd] Attached: 2 00008030-000E688A14D1802E
========================================================================
Received Prepare
Refreshing native plugins compatible for Editor in 3.27 ms, found 2 plugins.
Preloading 0 native plugins for Editor in 0.00 ms.
Unloading 21 Unused Serialized files (Serialized files now loaded: 0)
Unloading 21 unused Assets / (87.5 KB). Loaded Objects now: 4372.
Memory consumption went from 220.2 MB to 220.1 MB.
Total: 7.818250 ms (FindLiveObjects: 0.267834 ms CreateObjectMapping: 0.048208 ms MarkObjects: 7.406708 ms  DeleteObjects: 0.094625 ms)

AssetImportParameters requested are different than current active one (requested -> active):
  custom:video-decoder-ogg-theora: a1e56fd34408186e4bbccfd4996cb3dc -> 
  custom:container-muxer-webm: aa71ff27fc2769a1b78a27578f13a17b -> 
  custom:container-demuxer-webm: 4f35f7cbe854078d1ac9338744f61a02 -> 
  custom:video-encoder-webm-vp8: eb34c28f22e8b96e1ab97ce403110664 -> 
  custom:framework-osx-AVFoundation: e770b220cccbd017edd2c1fefb359320 -> 
  custom:audio-encoder-webm-vorbis: bf7c407c2cedff20999df2af8eb42d56 -> 
  custom:container-demuxer-ogg: 62fdf1f143b41e24485cea50d1cbac27 -> 
  custom:video-decoder-webm-vp8: 9c59270c3fd7afecdb556c50c9e8de78 -> 
  custom:audio-decoder-ogg-vorbis: bf7c407c2cedff20999df2af8eb42d56 -> 
[usbmuxd] Detached: 2 00008030-000E688A14D1802E
[usbmuxd] Attached: 3 00008030-000E688A14D1802E
[usbmuxd] Detached: 3 00008030-000E688A14D1802E
========================================================================
Received Import Request.
  Time since last request: 741.116640 seconds.
  path: Assets/Script/ARPlacement.cs
  artifactKey: Guid(cf25c8737ab54441987284612bbfbd7a) Importer(815301076,1909f56bfc062723c751e8b465ee728b)
Start importing Assets/Script/ARPlacement.cs using Guid(cf25c8737ab54441987284612bbfbd7a) Importer(815301076,1909f56bfc062723c751e8b465ee728b)  -> (artifact id: 'e2d84089370138c0b9212b7b79a943c4') in 0.134820 seconds 
[usbmuxd] Attached: 4 00008030-000E688A14D1802E
========================================================================
Received Prepare
Refreshing native plugins compatible for Editor in 1.52 ms, found 2 plugins.
Preloading 0 native plugins for Editor in 0.00 ms.
Unloading 21 Unused Serialized files (Serialized files now loaded: 0)
Unloading 21 unused Assets / (87.5 KB). Loaded Objects now: 4372.
Memory consumption went from 224.3 MB to 224.2 MB.
Total: 7.966750 ms (FindLiveObjects: 0.262875 ms CreateObjectMapping: 0.050208 ms MarkObjects: 7.564750 ms  DeleteObjects: 0.088292 ms)

AssetImportParameters requested are different than current active one (requested -> active):
  custom:video-decoder-ogg-theora: a1e56fd34408186e4bbccfd4996cb3dc -> 
  custom:container-muxer-webm: aa71ff27fc2769a1b78a27578f13a17b -> 
  custom:container-demuxer-webm: 4f35f7cbe854078d1ac9338744f61a02 -> 
  custom:video-encoder-webm-vp8: eb34c28f22e8b96e1ab97ce403110664 -> 
  custom:framework-osx-AVFoundation: e770b220cccbd017edd2c1fefb359320 -> 
  custom:audio-encoder-webm-vorbis: bf7c407c2cedff20999df2af8eb42d56 -> 
  custom:container-demuxer-ogg: 62fdf1f143b41e24485cea50d1cbac27 -> 
  custom:video-decoder-webm-vp8: 9c59270c3fd7afecdb556c50c9e8de78 -> 
  custom:audio-decoder-ogg-vorbis: bf7c407c2cedff20999df2af8eb42d56 -> 
========================================================================
Received Prepare
Refreshing native plugins compatible for Editor in 1.51 ms, found 2 plugins.
Preloading 0 native plugins for Editor in 0.00 ms.
Unloading 21 Unused Serialized files (Serialized files now loaded: 0)
Unloading 21 unused Assets / (87.7 KB). Loaded Objects now: 4372.
Memory consumption went from 224.3 MB to 224.2 MB.
Total: 7.514375 ms (FindLiveObjects: 0.257250 ms CreateObjectMapping: 0.049375 ms MarkObjects: 7.103708 ms  DeleteObjects: 0.103834 ms)

AssetImportParameters requested are different than current active one (requested -> active):
  custom:video-decoder-ogg-theora: a1e56fd34408186e4bbccfd4996cb3dc -> 
  custom:container-muxer-webm: aa71ff27fc2769a1b78a27578f13a17b -> 
  custom:container-demuxer-webm: 4f35f7cbe854078d1ac9338744f61a02 -> 
  custom:video-encoder-webm-vp8: eb34c28f22e8b96e1ab97ce403110664 -> 
  custom:framework-osx-AVFoundation: e770b220cccbd017edd2c1fefb359320 -> 
  custom:audio-encoder-webm-vorbis: bf7c407c2cedff20999df2af8eb42d56 -> 
  custom:container-demuxer-ogg: 62fdf1f143b41e24485cea50d1cbac27 -> 
  custom:video-decoder-webm-vp8: 9c59270c3fd7afecdb556c50c9e8de78 -> 
  custom:audio-decoder-ogg-vorbis: bf7c407c2cedff20999df2af8eb42d56 -> 
========================================================================
Received Prepare
Refreshing native plugins compatible for Editor in 1.56 ms, found 2 plugins.
Preloading 0 native plugins for Editor in 0.00 ms.
Unloading 21 Unused Serialized files (Serialized files now loaded: 0)
Unloading 21 unused Assets / (87.8 KB). Loaded Objects now: 4372.
Memory consumption went from 224.3 MB to 224.2 MB.
Total: 8.613834 ms (FindLiveObjects: 0.283708 ms CreateObjectMapping: 0.052417 ms MarkObjects: 8.190625 ms  DeleteObjects: 0.086583 ms)

AssetImportParameters requested are different than current active one (requested -> active):
  custom:video-decoder-ogg-theora: a1e56fd34408186e4bbccfd4996cb3dc -> 
  custom:container-muxer-webm: aa71ff27fc2769a1b78a27578f13a17b -> 
  custom:container-demuxer-webm: 4f35f7cbe854078d1ac9338744f61a02 -> 
  custom:video-encoder-webm-vp8: eb34c28f22e8b96e1ab97ce403110664 -> 
  custom:framework-osx-AVFoundation: e770b220cccbd017edd2c1fefb359320 -> 
  custom:audio-encoder-webm-vorbis: bf7c407c2cedff20999df2af8eb42d56 -> 
  custom:container-demuxer-ogg: 62fdf1f143b41e24485cea50d1cbac27 -> 
  custom:video-decoder-webm-vp8: 9c59270c3fd7afecdb556c50c9e8de78 -> 
  custom:audio-decoder-ogg-vorbis: bf7c407c2cedff20999df2af8eb42d56 -> 
========================================================================
Received Prepare
Refreshing native plugins compatible for Editor in 1.42 ms, found 2 plugins.
Preloading 0 native plugins for Editor in 0.00 ms.
Unloading 21 Unused Serialized files (Serialized files now loaded: 0)
Unloading 21 unused Assets / (87.7 KB). Loaded Objects now: 4372.
Memory consumption went from 224.3 MB to 224.2 MB.
Total: 7.708542 ms (FindLiveObjects: 0.248041 ms CreateObjectMapping: 0.049000 ms MarkObjects: 7.306375 ms  DeleteObjects: 0.104542 ms)

AssetImportParameters requested are different than current active one (requested -> active):
  custom:video-decoder-ogg-theora: a1e56fd34408186e4bbccfd4996cb3dc -> 
  custom:container-muxer-webm: aa71ff27fc2769a1b78a27578f13a17b -> 
  custom:container-demuxer-webm: 4f35f7cbe854078d1ac9338744f61a02 -> 
  custom:video-encoder-webm-vp8: eb34c28f22e8b96e1ab97ce403110664 -> 
  custom:framework-osx-AVFoundation: e770b220cccbd017edd2c1fefb359320 -> 
  custom:audio-encoder-webm-vorbis: bf7c407c2cedff20999df2af8eb42d56 -> 
  custom:container-demuxer-ogg: 62fdf1f143b41e24485cea50d1cbac27 -> 
  custom:video-decoder-webm-vp8: 9c59270c3fd7afecdb556c50c9e8de78 -> 
  custom:audio-decoder-ogg-vorbis: bf7c407c2cedff20999df2af8eb42d56 -> 
========================================================================
Received Prepare
Refreshing native plugins compatible for Editor in 4.00 ms, found 2 plugins.
Preloading 0 native plugins for Editor in 0.00 ms.
Unloading 21 Unused Serialized files (Serialized files now loaded: 0)
Unloading 21 unused Assets / (87.7 KB). Loaded Objects now: 4372.
Memory consumption went from 224.3 MB to 224.2 MB.
Total: 11.057625 ms (FindLiveObjects: 0.285375 ms CreateObjectMapping: 0.052458 ms MarkObjects: 10.568042 ms  DeleteObjects: 0.150000 ms)

AssetImportParameters requested are different than current active one (requested -> active):
  custom:video-decoder-ogg-theora: a1e56fd34408186e4bbccfd4996cb3dc -> 
  custom:container-muxer-webm: aa71ff27fc2769a1b78a27578f13a17b -> 
  custom:container-demuxer-webm: 4f35f7cbe854078d1ac9338744f61a02 -> 
  custom:video-encoder-webm-vp8: eb34c28f22e8b96e1ab97ce403110664 -> 
  custom:framework-osx-AVFoundation: e770b220cccbd017edd2c1fefb359320 -> 
  custom:audio-encoder-webm-vorbis: bf7c407c2cedff20999df2af8eb42d56 -> 
  custom:container-demuxer-ogg: 62fdf1f143b41e24485cea50d1cbac27 -> 
  custom:video-decoder-webm-vp8: 9c59270c3fd7afecdb556c50c9e8de78 -> 
  custom:audio-decoder-ogg-vorbis: bf7c407c2cedff20999df2af8eb42d56 -> 
========================================================================
Received Prepare
Refreshing native plugins compatible for Editor in 4.48 ms, found 2 plugins.
Preloading 0 native plugins for Editor in 0.00 ms.
Unloading 21 Unused Serialized files (Serialized files now loaded: 0)
Unloading 21 unused Assets / (87.7 KB). Loaded Objects now: 4372.
Memory consumption went from 224.3 MB to 224.2 MB.
Total: 18.651458 ms (FindLiveObjects: 0.329625 ms CreateObjectMapping: 0.055958 ms MarkObjects: 18.178875 ms  DeleteObjects: 0.086625 ms)

AssetImportParameters requested are different than current active one (requested -> active):
  custom:video-decoder-ogg-theora: a1e56fd34408186e4bbccfd4996cb3dc -> 
  custom:container-muxer-webm: aa71ff27fc2769a1b78a27578f13a17b -> 
  custom:container-demuxer-webm: 4f35f7cbe854078d1ac9338744f61a02 -> 
  custom:video-encoder-webm-vp8: eb34c28f22e8b96e1ab97ce403110664 -> 
  custom:framework-osx-AVFoundation: e770b220cccbd017edd2c1fefb359320 -> 
  custom:audio-encoder-webm-vorbis: bf7c407c2cedff20999df2af8eb42d56 -> 
  custom:container-demuxer-ogg: 62fdf1f143b41e24485cea50d1cbac27 -> 
  custom:video-decoder-webm-vp8: 9c59270c3fd7afecdb556c50c9e8de78 -> 
  custom:audio-decoder-ogg-vorbis: bf7c407c2cedff20999df2af8eb42d56 -> 
========================================================================
Received Import Request.
  Time since last request: 1332.418389 seconds.
  path: Assets/LB3D/CrabMonster/Prefabs/CrabMonster 1.prefab
  artifactKey: Guid(4e7afdf31c20ebf419ea38bf1d358719) Importer(815301076,1909f56bfc062723c751e8b465ee728b)
Start importing Assets/LB3D/CrabMonster/Prefabs/CrabMonster 1.prefab using Guid(4e7afdf31c20ebf419ea38bf1d358719) Importer(815301076,1909f56bfc062723c751e8b465ee728b) Asset 'Rikayon': Transition 'AnyState -> Armature|Rest_1' in state 'AnyState' doesn't have an Exit Time or any condition, transition will be ignored
UnityEngine.StackTraceUtility:ExtractStackTrace () (at /Users/bokken/buildslave/unity/build/Runtime/Export/Scripting/StackTrace.cs:37)
UnityEditor.EditorUtility:Internal_InstantiateRemoveAllNonAnimationComponentsSingle (UnityEngine.Object,UnityEngine.Vector3,UnityEngine.Quaternion)
UnityEditor.EditorUtility:InstantiateRemoveAllNonAnimationComponents (UnityEngine.Object,UnityEngine.Vector3,UnityEngine.Quaternion) (at /Users/bokken/buildslave/unity/build/Editor/Mono/EditorUtility.cs:649)
UnityEditor.EditorUtility:InstantiateForAnimatorPreview (UnityEngine.Object) (at /Users/bokken/buildslave/unity/build/Editor/Mono/EditorUtility.cs:615)
UnityEditor.GameObjectInspector/PreviewData:UpdateGameObject (UnityEngine.Object) (at /Users/bokken/buildslave/unity/build/Editor/Mono/Inspector/GameObjectInspector.cs:101)
UnityEditor.GameObjectInspector/PreviewData:.ctor (UnityEngine.Object) (at /Users/bokken/buildslave/unity/build/Editor/Mono/Inspector/GameObjectInspector.cs:95)
UnityEditor.GameObjectInspector:GetPreviewData () (at /Users/bokken/buildslave/unity/build/Editor/Mono/Inspector/GameObjectInspector.cs:677)
UnityEditor.GameObjectInspector:RenderStaticPreview (string,UnityEngine.Object[],int,int) (at /Users/bokken/buildslave/unity/build/Editor/Mono/Inspector/GameObjectInspector.cs:887)
UnityEditor.AssetPreviewUpdater:CreatePreview (UnityEngine.Object,UnityEngine.Object[],string,int,int) (at /Users/bokken/buildslave/unity/build/Editor/Mono/AssetPreviewUpdater.cs:38)
UnityEditor.AssetPreviewUpdater:CreatePreviewForAsset (UnityEngine.Object,UnityEngine.Object[],string) (at /Users/bokken/buildslave/unity/build/Editor/Mono/AssetPreviewUpdater.cs:9)

[/Users/bokken/buildslave/unity/build/Runtime/Export/Scripting/StackTrace.cs line 37]

 -> (artifact id: '2ed41594c2b270d7c461b6c946ac48c2') in 0.554954 seconds 
========================================================================
Received Import Request.
  Time since last request: 1.874712 seconds.
  path: Assets/LB3D/CrabMonster/Prefabs/CrabMonster 1.prefab
  artifactKey: Guid(4e7afdf31c20ebf419ea38bf1d358719) Importer(815301076,1909f56bfc062723c751e8b465ee728b)
Start importing Assets/LB3D/CrabMonster/Prefabs/CrabMonster 1.prefab using Guid(4e7afdf31c20ebf419ea38bf1d358719) Importer(815301076,1909f56bfc062723c751e8b465ee728b) Asset 'Rikayon': Transition 'AnyState -> Armature|Rest_1' in state 'AnyState' doesn't have an Exit Time or any condition, transition will be ignored
UnityEngine.StackTraceUtility:ExtractStackTrace () (at /Users/bokken/buildslave/unity/build/Runtime/Export/Scripting/StackTrace.cs:37)
UnityEditor.EditorUtility:Internal_InstantiateRemoveAllNonAnimationComponentsSingle (UnityEngine.Object,UnityEngine.Vector3,UnityEngine.Quaternion)
UnityEditor.EditorUtility:InstantiateRemoveAllNonAnimationComponents (UnityEngine.Object,UnityEngine.Vector3,UnityEngine.Quaternion) (at /Users/bokken/buildslave/unity/build/Editor/Mono/EditorUtility.cs:649)
UnityEditor.EditorUtility:InstantiateForAnimatorPreview (UnityEngine.Object) (at /Users/bokken/buildslave/unity/build/Editor/Mono/EditorUtility.cs:615)
UnityEditor.GameObjectInspector/PreviewData:UpdateGameObject (UnityEngine.Object) (at /Users/bokken/buildslave/unity/build/Editor/Mono/Inspector/GameObjectInspector.cs:101)
UnityEditor.GameObjectInspector/PreviewData:.ctor (UnityEngine.Object) (at /Users/bokken/buildslave/unity/build/Editor/Mono/Inspector/GameObjectInspector.cs:95)
UnityEditor.GameObjectInspector:GetPreviewData () (at /Users/bokken/buildslave/unity/build/Editor/Mono/Inspector/GameObjectInspector.cs:677)
UnityEditor.GameObjectInspector:RenderStaticPreview (string,UnityEngine.Object[],int,int) (at /Users/bokken/buildslave/unity/build/Editor/Mono/Inspector/GameObjectInspector.cs:887)
UnityEditor.AssetPreviewUpdater:CreatePreview (UnityEngine.Object,UnityEngine.Object[],string,int,int) (at /Users/bokken/buildslave/unity/build/Editor/Mono/AssetPreviewUpdater.cs:38)
UnityEditor.AssetPreviewUpdater:CreatePreviewForAsset (UnityEngine.Object,UnityEngine.Object[],string) (at /Users/bokken/buildslave/unity/build/Editor/Mono/AssetPreviewUpdater.cs:9)

[/Users/bokken/buildslave/unity/build/Runtime/Export/Scripting/StackTrace.cs line 37]

 -> (artifact id: 'cd025d85814225db1139db687a9d4f2f') in 0.286145 seconds 
========================================================================
Received Import Request.
  Time since last request: 2.520025 seconds.
  path: Assets/LB3D/CrabMonster/Prefabs/CrabMonster 1.prefab
  artifactKey: Guid(4e7afdf31c20ebf419ea38bf1d358719) Importer(815301076,1909f56bfc062723c751e8b465ee728b)
Start importing Assets/LB3D/CrabMonster/Prefabs/CrabMonster 1.prefab using Guid(4e7afdf31c20ebf419ea38bf1d358719) Importer(815301076,1909f56bfc062723c751e8b465ee728b) Asset 'Rikayon': Transition 'AnyState -> Armature|Rest_1' in state 'AnyState' doesn't have an Exit Time or any condition, transition will be ignored
UnityEngine.StackTraceUtility:ExtractStackTrace () (at /Users/bokken/buildslave/unity/build/Runtime/Export/Scripting/StackTrace.cs:37)
UnityEditor.EditorUtility:Internal_InstantiateRemoveAllNonAnimationComponentsSingle (UnityEngine.Object,UnityEngine.Vector3,UnityEngine.Quaternion)
UnityEditor.EditorUtility:InstantiateRemoveAllNonAnimationComponents (UnityEngine.Object,UnityEngine.Vector3,UnityEngine.Quaternion) (at /Users/bokken/buildslave/unity/build/Editor/Mono/EditorUtility.cs:649)
UnityEditor.EditorUtility:InstantiateForAnimatorPreview (UnityEngine.Object) (at /Users/bokken/buildslave/unity/build/Editor/Mono/EditorUtility.cs:615)
UnityEditor.GameObjectInspector/PreviewData:UpdateGameObject (UnityEngine.Object) (at /Users/bokken/buildslave/unity/build/Editor/Mono/Inspector/GameObjectInspector.cs:101)
UnityEditor.GameObjectInspector/PreviewData:.ctor (UnityEngine.Object) (at /Users/bokken/buildslave/unity/build/Editor/Mono/Inspector/GameObjectInspector.cs:95)
UnityEditor.GameObjectInspector:GetPreviewData () (at /Users/bokken/buildslave/unity/build/Editor/Mono/Inspector/GameObjectInspector.cs:677)
UnityEditor.GameObjectInspector:RenderStaticPreview (string,UnityEngine.Object[],int,int) (at /Users/bokken/buildslave/unity/build/Editor/Mono/Inspector/GameObjectInspector.cs:887)
UnityEditor.AssetPreviewUpdater:CreatePreview (UnityEngine.Object,UnityEngine.Object[],string,int,int) (at /Users/bokken/buildslave/unity/build/Editor/Mono/AssetPreviewUpdater.cs:38)
UnityEditor.AssetPreviewUpdater:CreatePreviewForAsset (UnityEngine.Object,UnityEngine.Object[],string) (at /Users/bokken/buildslave/unity/build/Editor/Mono/AssetPreviewUpdater.cs:9)

[/Users/bokken/buildslave/unity/build/Runtime/Export/Scripting/StackTrace.cs line 37]

 -> (artifact id: '7f74392fdd226cbc843297afacf377da') in 0.185264 seconds 
========================================================================
Received Import Request.
  Time since last request: 3.851326 seconds.
  path: Assets/LB3D/CrabMonster/Prefabs/CrabMonster 1.prefab
  artifactKey: Guid(4e7afdf31c20ebf419ea38bf1d358719) Importer(815301076,1909f56bfc062723c751e8b465ee728b)
Start importing Assets/LB3D/CrabMonster/Prefabs/CrabMonster 1.prefab using Guid(4e7afdf31c20ebf419ea38bf1d358719) Importer(815301076,1909f56bfc062723c751e8b465ee728b) Asset 'Rikayon': Transition 'AnyState -> Armature|Rest_1' in state 'AnyState' doesn't have an Exit Time or any condition, transition will be ignored
UnityEngine.StackTraceUtility:ExtractStackTrace () (at /Users/bokken/buildslave/unity/build/Runtime/Export/Scripting/StackTrace.cs:37)
UnityEditor.EditorUtility:Internal_InstantiateRemoveAllNonAnimationComponentsSingle (UnityEngine.Object,UnityEngine.Vector3,UnityEngine.Quaternion)
UnityEditor.EditorUtility:InstantiateRemoveAllNonAnimationComponents (UnityEngine.Object,UnityEngine.Vector3,UnityEngine.Quaternion) (at /Users/bokken/buildslave/unity/build/Editor/Mono/EditorUtility.cs:649)
UnityEditor.EditorUtility:InstantiateForAnimatorPreview (UnityEngine.Object) (at /Users/bokken/buildslave/unity/build/Editor/Mono/EditorUtility.cs:615)
UnityEditor.GameObjectInspector/PreviewData:UpdateGameObject (UnityEngine.Object) (at /Users/bokken/buildslave/unity/build/Editor/Mono/Inspector/GameObjectInspector.cs:101)
UnityEditor.GameObjectInspector/PreviewData:.ctor (UnityEngine.Object) (at /Users/bokken/buildslave/unity/build/Editor/Mono/Inspector/GameObjectInspector.cs:95)
UnityEditor.GameObjectInspector:GetPreviewData () (at /Users/bokken/buildslave/unity/build/Editor/Mono/Inspector/GameObjectInspector.cs:677)
UnityEditor.GameObjectInspector:RenderStaticPreview (string,UnityEngine.Object[],int,int) (at /Users/bokken/buildslave/unity/build/Editor/Mono/Inspector/GameObjectInspector.cs:887)
UnityEditor.AssetPreviewUpdater:CreatePreview (UnityEngine.Object,UnityEngine.Object[],string,int,int) (at /Users/bokken/buildslave/unity/build/Editor/Mono/AssetPreviewUpdater.cs:38)
UnityEditor.AssetPreviewUpdater:CreatePreviewForAsset (UnityEngine.Object,UnityEngine.Object[],string) (at /Users/bokken/buildslave/unity/build/Editor/Mono/AssetPreviewUpdater.cs:9)

[/Users/bokken/buildslave/unity/build/Runtime/Export/Scripting/StackTrace.cs line 37]

 -> (artifact id: 'fcc380a522c101dfb9bdafe7baf3796b') in 0.162531 seconds 
========================================================================
Received Import Request.
  Time since last request: 7.957750 seconds.
  path: Assets/LB3D/CrabMonster/Prefabs/CrabMonster 1.prefab
  artifactKey: Guid(4e7afdf31c20ebf419ea38bf1d358719) Importer(815301076,1909f56bfc062723c751e8b465ee728b)
Start importing Assets/LB3D/CrabMonster/Prefabs/CrabMonster 1.prefab using Guid(4e7afdf31c20ebf419ea38bf1d358719) Importer(815301076,1909f56bfc062723c751e8b465ee728b) Asset 'Rikayon': Transition 'AnyState -> Armature|Rest_1' in state 'AnyState' doesn't have an Exit Time or any condition, transition will be ignored
UnityEngine.StackTraceUtility:ExtractStackTrace () (at /Users/bokken/buildslave/unity/build/Runtime/Export/Scripting/StackTrace.cs:37)
UnityEditor.EditorUtility:Internal_InstantiateRemoveAllNonAnimationComponentsSingle (UnityEngine.Object,UnityEngine.Vector3,UnityEngine.Quaternion)
UnityEditor.EditorUtility:InstantiateRemoveAllNonAnimationComponents (UnityEngine.Object,UnityEngine.Vector3,UnityEngine.Quaternion) (at /Users/bokken/buildslave/unity/build/Editor/Mono/EditorUtility.cs:649)
UnityEditor.EditorUtility:InstantiateForAnimatorPreview (UnityEngine.Object) (at /Users/bokken/buildslave/unity/build/Editor/Mono/EditorUtility.cs:615)
UnityEditor.GameObjectInspector/PreviewData:UpdateGameObject (UnityEngine.Object) (at /Users/bokken/buildslave/unity/build/Editor/Mono/Inspector/GameObjectInspector.cs:101)
UnityEditor.GameObjectInspector/PreviewData:.ctor (UnityEngine.Object) (at /Users/bokken/buildslave/unity/build/Editor/Mono/Inspector/GameObjectInspector.cs:95)
UnityEditor.GameObjectInspector:GetPreviewData () (at /Users/bokken/buildslave/unity/build/Editor/Mono/Inspector/GameObjectInspector.cs:677)
UnityEditor.GameObjectInspector:RenderStaticPreview (string,UnityEngine.Object[],int,int) (at /Users/bokken/buildslave/unity/build/Editor/Mono/Inspector/GameObjectInspector.cs:887)
UnityEditor.AssetPreviewUpdater:CreatePreview (UnityEngine.Object,UnityEngine.Object[],string,int,int) (at /Users/bokken/buildslave/unity/build/Editor/Mono/AssetPreviewUpdater.cs:38)
UnityEditor.AssetPreviewUpdater:CreatePreviewForAsset (UnityEngine.Object,UnityEngine.Object[],string) (at /Users/bokken/buildslave/unity/build/Editor/Mono/AssetPreviewUpdater.cs:9)

[/Users/bokken/buildslave/unity/build/Runtime/Export/Scripting/StackTrace.cs line 37]

 -> (artifact id: '378feb04dedfb1fe8bd1920ede40ee2e') in 0.201706 seconds 
========================================================================
Received Prepare
Refreshing native plugins compatible for Editor in 4.18 ms, found 2 plugins.
Preloading 0 native plugins for Editor in 0.00 ms.
Unloading 21 Unused Serialized files (Serialized files now loaded: 0)
Unloading 21 unused Assets / (88.3 KB). Loaded Objects now: 4372.
Memory consumption went from 225.7 MB to 225.6 MB.
Total: 6.149209 ms (FindLiveObjects: 0.159000 ms CreateObjectMapping: 0.050292 ms MarkObjects: 5.858666 ms  DeleteObjects: 0.080500 ms)

AssetImportParameters requested are different than current active one (requested -> active):
  custom:video-decoder-ogg-theora: a1e56fd34408186e4bbccfd4996cb3dc -> 
  custom:container-muxer-webm: aa71ff27fc2769a1b78a27578f13a17b -> 
  custom:container-demuxer-webm: 4f35f7cbe854078d1ac9338744f61a02 -> 
  custom:video-encoder-webm-vp8: eb34c28f22e8b96e1ab97ce403110664 -> 
  custom:framework-osx-AVFoundation: e770b220cccbd017edd2c1fefb359320 -> 
  custom:audio-encoder-webm-vorbis: bf7c407c2cedff20999df2af8eb42d56 -> 
  custom:container-demuxer-ogg: 62fdf1f143b41e24485cea50d1cbac27 -> 
  custom:video-decoder-webm-vp8: 9c59270c3fd7afecdb556c50c9e8de78 -> 
  custom:audio-decoder-ogg-vorbis: bf7c407c2cedff20999df2af8eb42d56 -> 
[usbmuxd] Detached: 4 00008030-000E688A14D1802E
[usbmuxd] Attached: 5 00008030-000E688A14D1802E
[usbmuxd] Detached: 5 00008030-000E688A14D1802E
========================================================================
Received Import Request.
  Time since last request: 2733.922623 seconds.
  path: Assets/Prefab/crab-monster.prefab
  artifactKey: Guid(e253ccc03f3904b7591db4a416d2dd92) Importer(815301076,1909f56bfc062723c751e8b465ee728b)
Start importing Assets/Prefab/crab-monster.prefab using Guid(e253ccc03f3904b7591db4a416d2dd92) Importer(815301076,1909f56bfc062723c751e8b465ee728b)  -> (artifact id: 'c51555177508e64e681b3c3544af5a99') in 0.259675 seconds 
========================================================================
Received Import Request.
  Time since last request: 8.280259 seconds.
  path: Assets/Prefab/crab-monster.prefab
  artifactKey: Guid(e253ccc03f3904b7591db4a416d2dd92) Importer(815301076,1909f56bfc062723c751e8b465ee728b)
Start importing Assets/Prefab/crab-monster.prefab using Guid(e253ccc03f3904b7591db4a416d2dd92) Importer(815301076,1909f56bfc062723c751e8b465ee728b)  -> (artifact id: 'b4b7d8fb2af3102337b0a8360bdeae8a') in 0.156305 seconds 
========================================================================
Received Import Request.
  Time since last request: 1.016093 seconds.
  path: Assets/Prefab/crab-monster.prefab
  artifactKey: Guid(e253ccc03f3904b7591db4a416d2dd92) Importer(815301076,1909f56bfc062723c751e8b465ee728b)
Start importing Assets/Prefab/crab-monster.prefab using Guid(e253ccc03f3904b7591db4a416d2dd92) Importer(815301076,1909f56bfc062723c751e8b465ee728b)  -> (artifact id: 'f0cb8d6b9959a87da3dce53c76632bc8') in 0.123999 seconds 
========================================================================
Received Import Request.
  Time since last request: 1.934155 seconds.
  path: Assets/Prefab/crab-monster.prefab
  artifactKey: Guid(e253ccc03f3904b7591db4a416d2dd92) Importer(815301076,1909f56bfc062723c751e8b465ee728b)
Start importing Assets/Prefab/crab-monster.prefab using Guid(e253ccc03f3904b7591db4a416d2dd92) Importer(815301076,1909f56bfc062723c751e8b465ee728b)  -> (artifact id: '586d83d65af94f08994a72851867aab4') in 0.114075 seconds 
========================================================================
Received Import Request.
  Time since last request: 568.095690 seconds.
  path: Assets/LB3D/CrabMonster/Scripts/ScaleAndRotateSlider.cs
  artifactKey: Guid(838303cc12ca6486e8205cdc3ef8da71) Importer(815301076,1909f56bfc062723c751e8b465ee728b)
Start importing Assets/LB3D/CrabMonster/Scripts/ScaleAndRotateSlider.cs using Guid(838303cc12ca6486e8205cdc3ef8da71) Importer(815301076,1909f56bfc062723c751e8b465ee728b)  -> (artifact id: '8c790722808e625a0e0110cba96b8893') in 0.003218 seconds 
========================================================================
Received Prepare
Registering precompiled user dll's ...
Registered in 0.001216 seconds.
Begin MonoManager ReloadAssembly
Thread 0x17fa47000 may have been prematurely finalized
Symbol file LoadedFromMemory doesn't match image /Users/cembozkurt/My project_01/Library/PackageCache/com.unity.visualscripting@1.7.8/Editor/VisualScripting.Core/Dependencies/YamlDotNet/Unity.VisualScripting.YamlDotNet.dll
Symbol file LoadedFromMemory doesn't match image /Users/cembozkurt/My project_01/Library/PackageCache/com.unity.visualscripting@1.7.8/Editor/VisualScripting.Core/Dependencies/DotNetZip/Unity.VisualScripting.IonicZip.dll
Native extension for iOS target not found
Native extension for OSXStandalone target not found
Native extension for WebGL target not found
Refreshing native plugins compatible for Editor in 0.59 ms, found 2 plugins.
Preloading 0 native plugins for Editor in 0.00 ms.
Mono: successfully reloaded assembly
- Completed reload, in  0.877 seconds
Domain Reload Profiling:
	ReloadAssembly (878ms)
		BeginReloadAssembly (157ms)
			ExecutionOrderSort (0ms)
			DisableScriptedObjects (5ms)
			BackupInstance (0ms)
			ReleaseScriptingObjects (0ms)
			CreateAndSetChildDomain (72ms)
		EndReloadAssembly (661ms)
			LoadAssemblies (57ms)
			RebuildTransferFunctionScriptingTraits (0ms)
			SetupTypeCache (213ms)
			ReleaseScriptCaches (1ms)
			RebuildScriptCaches (28ms)
			SetupLoadedEditorAssemblies (333ms)
				LogAssemblyErrors (0ms)
				InitializePlatformSupportModulesInManaged (151ms)
				SetLoadedEditorAssemblies (0ms)
				RefreshPlugins (1ms)
				BeforeProcessingInitializeOnLoad (47ms)
				ProcessInitializeOnLoadAttributes (119ms)
				ProcessInitializeOnLoadMethodAttributes (15ms)
				AfterProcessingInitializeOnLoad (1ms)
				EditorAssembliesLoaded (0ms)
			ExecutionOrderSort2 (0ms)
			AwakeInstancesAfterBackupRestoration (3ms)
Platform modules already initialized, skipping
Refreshing native plugins compatible for Editor in 1.41 ms, found 2 plugins.
Preloading 0 native plugins for Editor in 0.00 ms.
Unloading 3830 Unused Serialized files (Serialized files now loaded: 0)
Unloading 21 unused Assets / (88.2 KB). Loaded Objects now: 4376.
Memory consumption went from 298.6 MB to 298.5 MB.
Total: 3.015500 ms (FindLiveObjects: 0.284542 ms CreateObjectMapping: 0.099792 ms MarkObjects: 2.538583 ms  DeleteObjects: 0.091625 ms)

AssetImportParameters requested are different than current active one (requested -> active):
  custom:video-decoder-ogg-theora: a1e56fd34408186e4bbccfd4996cb3dc -> 
  custom:container-muxer-webm: aa71ff27fc2769a1b78a27578f13a17b -> 
  custom:container-demuxer-webm: 4f35f7cbe854078d1ac9338744f61a02 -> 
  custom:video-encoder-webm-vp8: eb34c28f22e8b96e1ab97ce403110664 -> 
  custom:framework-osx-AVFoundation: e770b220cccbd017edd2c1fefb359320 -> 
  custom:audio-encoder-webm-vorbis: bf7c407c2cedff20999df2af8eb42d56 -> 
  custom:container-demuxer-ogg: 62fdf1f143b41e24485cea50d1cbac27 -> 
  custom:video-decoder-webm-vp8: 9c59270c3fd7afecdb556c50c9e8de78 -> 
  custom:audio-decoder-ogg-vorbis: bf7c407c2cedff20999df2af8eb42d56 -> 
========================================================================
Received Prepare
Registering precompiled user dll's ...
Registered in 0.001203 seconds.
Begin MonoManager ReloadAssembly
Thread 0x17f6af000 may have been prematurely finalized
Symbol file LoadedFromMemory doesn't match image /Users/cembozkurt/My project_01/Library/PackageCache/com.unity.visualscripting@1.7.8/Editor/VisualScripting.Core/Dependencies/YamlDotNet/Unity.VisualScripting.YamlDotNet.dll
Symbol file LoadedFromMemory doesn't match image /Users/cembozkurt/My project_01/Library/PackageCache/com.unity.visualscripting@1.7.8/Editor/VisualScripting.Core/Dependencies/DotNetZip/Unity.VisualScripting.IonicZip.dll
Native extension for iOS target not found
Native extension for OSXStandalone target not found
Native extension for WebGL target not found
Refreshing native plugins compatible for Editor in 0.52 ms, found 2 plugins.
Preloading 0 native plugins for Editor in 0.00 ms.
Mono: successfully reloaded assembly
- Completed reload, in  0.642 seconds
Domain Reload Profiling:
	ReloadAssembly (644ms)
		BeginReloadAssembly (115ms)
			ExecutionOrderSort (0ms)
			DisableScriptedObjects (3ms)
			BackupInstance (0ms)
			ReleaseScriptingObjects (1ms)
			CreateAndSetChildDomain (48ms)
		EndReloadAssembly (470ms)
			LoadAssemblies (39ms)
			RebuildTransferFunctionScriptingTraits (1ms)
			SetupTypeCache (184ms)
			ReleaseScriptCaches (1ms)
			RebuildScriptCaches (27ms)
			SetupLoadedEditorAssemblies (188ms)
				LogAssemblyErrors (0ms)
				InitializePlatformSupportModulesInManaged (19ms)
				SetLoadedEditorAssemblies (0ms)
				RefreshPlugins (1ms)
				BeforeProcessingInitializeOnLoad (45ms)
				ProcessInitializeOnLoadAttributes (108ms)
				ProcessInitializeOnLoadMethodAttributes (14ms)
				AfterProcessingInitializeOnLoad (1ms)
				EditorAssembliesLoaded (0ms)
			ExecutionOrderSort2 (0ms)
			AwakeInstancesAfterBackupRestoration (3ms)
Platform modules already initialized, skipping
Refreshing native plugins compatible for Editor in 0.98 ms, found 2 plugins.
Preloading 0 native plugins for Editor in 0.00 ms.
Unloading 3830 Unused Serialized files (Serialized files now loaded: 0)
Unloading 21 unused Assets / (87.6 KB). Loaded Objects now: 4380.
Memory consumption went from 298.9 MB to 298.8 MB.
Total: 2.551959 ms (FindLiveObjects: 0.166500 ms CreateObjectMapping: 0.050875 ms MarkObjects: 2.243208 ms  DeleteObjects: 0.089958 ms)

AssetImportParameters requested are different than current active one (requested -> active):
  custom:video-decoder-ogg-theora: a1e56fd34408186e4bbccfd4996cb3dc -> 
  custom:container-muxer-webm: aa71ff27fc2769a1b78a27578f13a17b -> 
  custom:container-demuxer-webm: 4f35f7cbe854078d1ac9338744f61a02 -> 
  custom:video-encoder-webm-vp8: eb34c28f22e8b96e1ab97ce403110664 -> 
  custom:framework-osx-AVFoundation: e770b220cccbd017edd2c1fefb359320 -> 
  custom:audio-encoder-webm-vorbis: bf7c407c2cedff20999df2af8eb42d56 -> 
  custom:container-demuxer-ogg: 62fdf1f143b41e24485cea50d1cbac27 -> 
  custom:video-decoder-webm-vp8: 9c59270c3fd7afecdb556c50c9e8de78 -> 
  custom:audio-decoder-ogg-vorbis: bf7c407c2cedff20999df2af8eb42d56 -> 
========================================================================
Received Import Request.
  Time since last request: 138.980064 seconds.
  path: Assets/Prefab/crab-monster.prefab
  artifactKey: Guid(e253ccc03f3904b7591db4a416d2dd92) Importer(815301076,1909f56bfc062723c751e8b465ee728b)
Start importing Assets/Prefab/crab-monster.prefab using Guid(e253ccc03f3904b7591db4a416d2dd92) Importer(815301076,1909f56bfc062723c751e8b465ee728b)  -> (artifact id: '8559576e7a3e6c68572b9dc753c1ad49') in 0.288231 seconds 
========================================================================
Received Import Request.
  Time since last request: 22.354950 seconds.
  path: Assets/Prefab/crab-monster.prefab
  artifactKey: Guid(e253ccc03f3904b7591db4a416d2dd92) Importer(815301076,1909f56bfc062723c751e8b465ee728b)
Start importing Assets/Prefab/crab-monster.prefab using Guid(e253ccc03f3904b7591db4a416d2dd92) Importer(815301076,1909f56bfc062723c751e8b465ee728b)  -> (artifact id: '5112388043f8131d1815d334137af057') in 0.189389 seconds 
========================================================================
Received Import Request.
  Time since last request: 3.248193 seconds.
  path: Assets/Prefab/crab-monster.prefab
  artifactKey: Guid(e253ccc03f3904b7591db4a416d2dd92) Importer(815301076,1909f56bfc062723c751e8b465ee728b)
Start importing Assets/Prefab/crab-monster.prefab using Guid(e253ccc03f3904b7591db4a416d2dd92) Importer(815301076,1909f56bfc062723c751e8b465ee728b)  -> (artifact id: '5b3ad2917e0392aa82486dd57e736f9e') in 0.124367 seconds 
========================================================================
Received Import Request.
  Time since last request: 3.509535 seconds.
  path: Assets/Prefab/crab-monster.prefab
  artifactKey: Guid(e253ccc03f3904b7591db4a416d2dd92) Importer(815301076,1909f56bfc062723c751e8b465ee728b)
Start importing Assets/Prefab/crab-monster.prefab using Guid(e253ccc03f3904b7591db4a416d2dd92) Importer(815301076,1909f56bfc062723c751e8b465ee728b)  -> (artifact id: 'a2259fc651766e4390084eb1a114adf8') in 0.111064 seconds 
[usbmuxd] Attached: 6 00008030-000E688A14D1802E
========================================================================
Received Prepare
Refreshing native plugins compatible for Editor in 5.99 ms, found 2 plugins.
Preloading 0 native plugins for Editor in 0.00 ms.
Unloading 21 Unused Serialized files (Serialized files now loaded: 0)
Unloading 21 unused Assets / (88.3 KB). Loaded Objects now: 4381.
Memory consumption went from 225.3 MB to 225.2 MB.
Total: 5.165417 ms (FindLiveObjects: 0.164084 ms CreateObjectMapping: 0.048083 ms MarkObjects: 4.870417 ms  DeleteObjects: 0.082208 ms)

AssetImportParameters requested are different than current active one (requested -> active):
  custom:video-decoder-ogg-theora: a1e56fd34408186e4bbccfd4996cb3dc -> 
  custom:container-muxer-webm: aa71ff27fc2769a1b78a27578f13a17b -> 
  custom:container-demuxer-webm: 4f35f7cbe854078d1ac9338744f61a02 -> 
  custom:video-encoder-webm-vp8: eb34c28f22e8b96e1ab97ce403110664 -> 
  custom:framework-osx-AVFoundation: e770b220cccbd017edd2c1fefb359320 -> 
  custom:audio-encoder-webm-vorbis: bf7c407c2cedff20999df2af8eb42d56 -> 
  custom:container-demuxer-ogg: 62fdf1f143b41e24485cea50d1cbac27 -> 
  custom:video-decoder-webm-vp8: 9c59270c3fd7afecdb556c50c9e8de78 -> 
  custom:audio-decoder-ogg-vorbis: bf7c407c2cedff20999df2af8eb42d56 -> 
========================================================================
Received Prepare
Refreshing native plugins compatible for Editor in 3.26 ms, found 2 plugins.
Preloading 0 native plugins for Editor in 0.00 ms.
Unloading 21 Unused Serialized files (Serialized files now loaded: 0)
Unloading 21 unused Assets / (87.7 KB). Loaded Objects now: 4381.
Memory consumption went from 225.3 MB to 225.2 MB.
Total: 8.026500 ms (FindLiveObjects: 0.430375 ms CreateObjectMapping: 0.055750 ms MarkObjects: 7.441958 ms  DeleteObjects: 0.097959 ms)

AssetImportParameters requested are different than current active one (requested -> active):
  custom:video-decoder-ogg-theora: a1e56fd34408186e4bbccfd4996cb3dc -> 
  custom:container-muxer-webm: aa71ff27fc2769a1b78a27578f13a17b -> 
  custom:container-demuxer-webm: 4f35f7cbe854078d1ac9338744f61a02 -> 
  custom:video-encoder-webm-vp8: eb34c28f22e8b96e1ab97ce403110664 -> 
  custom:framework-osx-AVFoundation: e770b220cccbd017edd2c1fefb359320 -> 
  custom:audio-encoder-webm-vorbis: bf7c407c2cedff20999df2af8eb42d56 -> 
  custom:container-demuxer-ogg: 62fdf1f143b41e24485cea50d1cbac27 -> 
  custom:video-decoder-webm-vp8: 9c59270c3fd7afecdb556c50c9e8de78 -> 
  custom:audio-decoder-ogg-vorbis: bf7c407c2cedff20999df2af8eb42d56 -> 
========================================================================
Received Import Request.
  Time since last request: 501.076524 seconds.
  path: Assets/Prefab/crab-monster.prefab
  artifactKey: Guid(e253ccc03f3904b7591db4a416d2dd92) Importer(815301076,1909f56bfc062723c751e8b465ee728b)
Start importing Assets/Prefab/crab-monster.prefab using Guid(e253ccc03f3904b7591db4a416d2dd92) Importer(815301076,1909f56bfc062723c751e8b465ee728b)  -> (artifact id: '3e48eee58a43a4b628d9017d5218c929') in 0.333808 seconds 
========================================================================
Received Import Request.
  Time since last request: 4.562776 seconds.
  path: Assets/Prefab/crab-monster.prefab
  artifactKey: Guid(e253ccc03f3904b7591db4a416d2dd92) Importer(815301076,1909f56bfc062723c751e8b465ee728b)
Start importing Assets/Prefab/crab-monster.prefab using Guid(e253ccc03f3904b7591db4a416d2dd92) Importer(815301076,1909f56bfc062723c751e8b465ee728b)  -> (artifact id: '77296608cc24ff5839bf7ae8948966d1') in 0.147533 seconds 
========================================================================
Received Import Request.
  Time since last request: 14.235620 seconds.
  path: Assets/Prefab/crab-monster.prefab
  artifactKey: Guid(e253ccc03f3904b7591db4a416d2dd92) Importer(815301076,1909f56bfc062723c751e8b465ee728b)
Start importing Assets/Prefab/crab-monster.prefab using Guid(e253ccc03f3904b7591db4a416d2dd92) Importer(815301076,1909f56bfc062723c751e8b465ee728b)  -> (artifact id: 'bc78e0883678465e0fe4df81db221c29') in 0.116770 seconds 
========================================================================
Received Import Request.
  Time since last request: 13.622356 seconds.
  path: Assets/Prefab/crab-monster.prefab
  artifactKey: Guid(e253ccc03f3904b7591db4a416d2dd92) Importer(815301076,1909f56bfc062723c751e8b465ee728b)
Start importing Assets/Prefab/crab-monster.prefab using Guid(e253ccc03f3904b7591db4a416d2dd92) Importer(815301076,1909f56bfc062723c751e8b465ee728b)  -> (artifact id: '934da1cb8c8825369d89add4009c50ba') in 0.113930 seconds 
========================================================================
Received Prepare
Refreshing native plugins compatible for Editor in 1.24 ms, found 2 plugins.
Preloading 0 native plugins for Editor in 0.00 ms.
Unloading 21 Unused Serialized files (Serialized files now loaded: 0)
Unloading 21 unused Assets / (88.4 KB). Loaded Objects now: 4381.
Memory consumption went from 226.2 MB to 226.1 MB.
Total: 6.914292 ms (FindLiveObjects: 0.198542 ms CreateObjectMapping: 0.049333 ms MarkObjects: 6.577167 ms  DeleteObjects: 0.088459 ms)

AssetImportParameters requested are different than current active one (requested -> active):
  custom:video-decoder-ogg-theora: a1e56fd34408186e4bbccfd4996cb3dc -> 
  custom:container-muxer-webm: aa71ff27fc2769a1b78a27578f13a17b -> 
  custom:container-demuxer-webm: 4f35f7cbe854078d1ac9338744f61a02 -> 
  custom:video-encoder-webm-vp8: eb34c28f22e8b96e1ab97ce403110664 -> 
  custom:framework-osx-AVFoundation: e770b220cccbd017edd2c1fefb359320 -> 
  custom:audio-encoder-webm-vorbis: bf7c407c2cedff20999df2af8eb42d56 -> 
  custom:container-demuxer-ogg: 62fdf1f143b41e24485cea50d1cbac27 -> 
  custom:video-decoder-webm-vp8: 9c59270c3fd7afecdb556c50c9e8de78 -> 
  custom:audio-decoder-ogg-vorbis: bf7c407c2cedff20999df2af8eb42d56 -> 
[usbmuxd] Detached: 6 00008030-000E688A14D1802E
========================================================================
Received Import Request.
  Time since last request: 2562.541341 seconds.
  path: Assets/Scenes
  artifactKey: Guid(6ea315d0fd7389c41b19996891e99ae3) Importer(815301076,1909f56bfc062723c751e8b465ee728b)
Start importing Assets/Scenes using Guid(6ea315d0fd7389c41b19996891e99ae3) Importer(815301076,1909f56bfc062723c751e8b465ee728b)  -> (artifact id: 'b8193726cff86800c54781cdc6d54904') in 0.003374 seconds 
========================================================================
Received Import Request.
  Time since last request: 141.530229 seconds.
  path: Assets/LB3D/CrabMonster/Models/Armature_Take_Damage_2.anim
  artifactKey: Guid(b63a4c09fa3304ccdae071759da3a370) Importer(815301076,1909f56bfc062723c751e8b465ee728b)
Start importing Assets/LB3D/CrabMonster/Models/Armature_Take_Damage_2.anim using Guid(b63a4c09fa3304ccdae071759da3a370) Importer(815301076,1909f56bfc062723c751e8b465ee728b)  -> (artifact id: 'e0c891adc73d98a012b8ead6c27644f7') in 0.038367 seconds 
========================================================================
Received Import Request.
  Time since last request: 29.024627 seconds.
  path: Assets/LB3D/CrabMonster/Models/Armature_Walk_Cycle_1.anim
  artifactKey: Guid(f94f3e5ecc0d441fbbee5c6d4558c20b) Importer(815301076,1909f56bfc062723c751e8b465ee728b)
Start importing Assets/LB3D/CrabMonster/Models/Armature_Walk_Cycle_1.anim using Guid(f94f3e5ecc0d441fbbee5c6d4558c20b) Importer(815301076,1909f56bfc062723c751e8b465ee728b)  -> (artifact id: '5582a1fb95dd0b5d63c28c957904590a') in 0.014635 seconds 
========================================================================
Received Import Request.
  Time since last request: 8.915110 seconds.
  path: Assets/LB3D/CrabMonster/Models/Walk_Cra.anim
  artifactKey: Guid(f94f3e5ecc0d441fbbee5c6d4558c20b) Importer(815301076,1909f56bfc062723c751e8b465ee728b)
Start importing Assets/LB3D/CrabMonster/Models/Walk_Cra.anim using Guid(f94f3e5ecc0d441fbbee5c6d4558c20b) Importer(815301076,1909f56bfc062723c751e8b465ee728b)  -> (artifact id: 'cdd3e3ef6e1219e2df39175d7b52738a') in 0.014317 seconds 
========================================================================
Received Import Request.
  Time since last request: 4.470028 seconds.
  path: Assets/LB3D/CrabMonster/Models/Walk_Cra 1.anim
  artifactKey: Guid(08e6ca92101194ddbb1f30e5434eff89) Importer(815301076,1909f56bfc062723c751e8b465ee728b)
Start importing Assets/LB3D/CrabMonster/Models/Walk_Cra 1.anim using Guid(08e6ca92101194ddbb1f30e5434eff89) Importer(815301076,1909f56bfc062723c751e8b465ee728b)  -> (artifact id: 'ff9e61c802aebab562c64f664baf5514') in 0.014426 seconds 
========================================================================
Received Import Request.
  Time since last request: 63.277807 seconds.
  path: Assets/LB3D/CrabMonster/Models/crab-monster.controller
  artifactKey: Guid(79c2b73b5a2c94b3f85bfbca4c4c64af) Importer(815301076,1909f56bfc062723c751e8b465ee728b)
Start importing Assets/LB3D/CrabMonster/Models/crab-monster.controller using Guid(79c2b73b5a2c94b3f85bfbca4c4c64af) Importer(815301076,1909f56bfc062723c751e8b465ee728b)  -> (artifact id: 'a56c5cc4e51d2bbf594723fdf18c5af8') in 0.064743 seconds 
========================================================================
Received Import Request.
  Time since last request: 18.062489 seconds.
  path: Assets/LB3D/CrabMonster/Models/CraWalk.controller
  artifactKey: Guid(35c3c9c2c889143e5acf072e0c2f918a) Importer(815301076,1909f56bfc062723c751e8b465ee728b)
Start importing Assets/LB3D/CrabMonster/Models/CraWalk.controller using Guid(35c3c9c2c889143e5acf072e0c2f918a) Importer(815301076,1909f56bfc062723c751e8b465ee728b)  -> (artifact id: '4ee98ffb0fe65e3d1af5ffa0a36b1751') in 0.001392 seconds 
========================================================================
Received Import Request.
  Time since last request: 127.661143 seconds.
  path: Assets/LB3D/CrabMonster/Models/New Animation_crab.anim
  artifactKey: Guid(17aa66c391cfb479c86fa97676703c97) Importer(815301076,1909f56bfc062723c751e8b465ee728b)
Start importing Assets/LB3D/CrabMonster/Models/New Animation_crab.anim using Guid(17aa66c391cfb479c86fa97676703c97) Importer(815301076,1909f56bfc062723c751e8b465ee728b)  -> (artifact id: 'af4ad88bcb2b6549686c94bd71f6cdaf') in 0.001714 seconds 
========================================================================
Received Import Request.
  Time since last request: 38.712119 seconds.
  path: Assets/LB3D/CrabMonster/Models/Armature_Intimidate_3.anim
  artifactKey: Guid(dd65c3ea0a652417a8e76e94e5464458) Importer(815301076,1909f56bfc062723c751e8b465ee728b)
Start importing Assets/LB3D/CrabMonster/Models/Armature_Intimidate_3.anim using Guid(dd65c3ea0a652417a8e76e94e5464458) Importer(815301076,1909f56bfc062723c751e8b465ee728b)  -> (artifact id: 'd8cdefb0b0b0b576473bf2e7d13689fd') in 0.059346 seconds 
========================================================================
Received Import Request.
  Time since last request: 8.395514 seconds.
  path: Assets/LB3D/CrabMonster/Models/Inti.anim
  artifactKey: Guid(dd65c3ea0a652417a8e76e94e5464458) Importer(815301076,1909f56bfc062723c751e8b465ee728b)
Start importing Assets/LB3D/CrabMonster/Models/Inti.anim using Guid(dd65c3ea0a652417a8e76e94e5464458) Importer(815301076,1909f56bfc062723c751e8b465ee728b)  -> (artifact id: '64dc22ddf26d35e582007e0e105ae537') in 0.057171 seconds 
========================================================================
Received Import Request.
  Time since last request: 281.805765 seconds.
  path: Assets/LB3D/CrabMonster/Models/Fight_Idle_1.anim
  artifactKey: Guid(ee4d53dfc1f244cd19897e3b94d012c7) Importer(815301076,1909f56bfc062723c751e8b465ee728b)
Start importing Assets/LB3D/CrabMonster/Models/Fight_Idle_1.anim using Guid(ee4d53dfc1f244cd19897e3b94d012c7) Importer(815301076,1909f56bfc062723c751e8b465ee728b)  -> (artifact id: 'eb37860e4afd62bb092565f54b22c13f') in 0.017906 seconds 
========================================================================
Received Import Request.
  Time since last request: 1510.381562 seconds.
  path: Assets/LB3D/CrabMonster/dry-clean.png
  artifactKey: Guid(af2352913c86f46398e7258b7d77da49) Importer(815301076,1909f56bfc062723c751e8b465ee728b)
Start importing Assets/LB3D/CrabMonster/dry-clean.png using Guid(af2352913c86f46398e7258b7d77da49) Importer(815301076,1909f56bfc062723c751e8b465ee728b)  -> (artifact id: 'dc45c12817a004c2b47e05ba31565307') in 0.045708 seconds 
========================================================================
Received Import Request.
  Time since last request: 354.359033 seconds.
  path: Assets/LB3D/CrabMonster/Scripts/ScaleAndRotateSlider.cs
  artifactKey: Guid(838303cc12ca6486e8205cdc3ef8da71) Importer(815301076,1909f56bfc062723c751e8b465ee728b)
Start importing Assets/LB3D/CrabMonster/Scripts/ScaleAndRotateSlider.cs using Guid(838303cc12ca6486e8205cdc3ef8da71) Importer(815301076,1909f56bfc062723c751e8b465ee728b)  -> (artifact id: 'a5e0472fb7aa997ca3d186a2f02fd40c') in 0.003446 seconds 
========================================================================
Received Import Request.
  Time since last request: 209.869352 seconds.
  path: Assets/LB3D/CrabMonster/Scripts/Rikayon.cs
  artifactKey: Guid(cd59c5d72a7b3fb46b2aa65394d9294d) Importer(815301076,1909f56bfc062723c751e8b465ee728b)
Start importing Assets/LB3D/CrabMonster/Scripts/Rikayon.cs using Guid(cd59c5d72a7b3fb46b2aa65394d9294d) Importer(815301076,1909f56bfc062723c751e8b465ee728b)  -> (artifact id: 'f4b8cb8ebde455ddbd13d55b265bb209') in 0.003073 seconds 
========================================================================
Received Import Request.
  Time since last request: 131.246454 seconds.
  path: Assets/LB3D/CrabMonster/Models/CraWalk.controller
  artifactKey: Guid(35c3c9c2c889143e5acf072e0c2f918a) Importer(815301076,1909f56bfc062723c751e8b465ee728b)
Start importing Assets/LB3D/CrabMonster/Models/CraWalk.controller using Guid(35c3c9c2c889143e5acf072e0c2f918a) Importer(815301076,1909f56bfc062723c751e8b465ee728b)  -> (artifact id: '73e8a514586f0168db207dc9ed029ec5') in 0.049237 seconds 
========================================================================
Received Import Request.
  Time since last request: 22.062991 seconds.
  path: Packages/com.unity.xr.arfoundation/Materials/DebugFace.mat
  artifactKey: Guid(35bd980c8f2234e3d8b640e25a677d65) Importer(815301076,1909f56bfc062723c751e8b465ee728b)
Start importing Packages/com.unity.xr.arfoundation/Materials/DebugFace.mat using Guid(35bd980c8f2234e3d8b640e25a677d65) Importer(815301076,1909f56bfc062723c751e8b465ee728b)  -> (artifact id: 'df80ae592ed45a6c2798fe3c4dd3aa70') in 0.226544 seconds 
========================================================================
Received Import Request.
  Time since last request: 0.000048 seconds.
  path: Assets/Material/Indicator.mat
  artifactKey: Guid(e4ed46543dd4e4f0681317c70e1a05e4) Importer(815301076,1909f56bfc062723c751e8b465ee728b)
Start importing Assets/Material/Indicator.mat using Guid(e4ed46543dd4e4f0681317c70e1a05e4) Importer(815301076,1909f56bfc062723c751e8b465ee728b)  -> (artifact id: '200dfd9eb6e02ef6f60e18db2d0e3cc6') in 0.043369 seconds 
========================================================================
Received Import Request.
  Time since last request: 0.000040 seconds.
  path: Assets/LB3D/CrabMonster/Scenes/Materials/Material.mat
  artifactKey: Guid(ded688441e94b6f4ebac45b2c91c1694) Importer(815301076,1909f56bfc062723c751e8b465ee728b)
Start importing Assets/LB3D/CrabMonster/Scenes/Materials/Material.mat using Guid(ded688441e94b6f4ebac45b2c91c1694) Importer(815301076,1909f56bfc062723c751e8b465ee728b)  -> (artifact id: '4f2dbe06fced9b8000bb02931bb3b27e') in 0.005658 seconds 
========================================================================
Received Import Request.
  Time since last request: 0.939760 seconds.
  path: Assets/Prefab/crab-monster.prefab
  artifactKey: Guid(e253ccc03f3904b7591db4a416d2dd92) Importer(815301076,1909f56bfc062723c751e8b465ee728b)
Start importing Assets/Prefab/crab-monster.prefab using Guid(e253ccc03f3904b7591db4a416d2dd92) Importer(815301076,1909f56bfc062723c751e8b465ee728b)  -> (artifact id: '9a22d59d3ce53f6898f1acc2c0bd459f') in 0.326629 seconds 
[usbmuxd] Attached: 7 00008030-000E688A14D1802E
========================================================================
Received Prepare
Refreshing native plugins compatible for Editor in 5.37 ms, found 2 plugins.
Preloading 0 native plugins for Editor in 0.00 ms.
Unloading 21 Unused Serialized files (Serialized files now loaded: 0)
Unloading 21 unused Assets / (87.7 KB). Loaded Objects now: 4382.
Memory consumption went from 231.5 MB to 231.4 MB.
Total: 7.397791 ms (FindLiveObjects: 0.291125 ms CreateObjectMapping: 0.052167 ms MarkObjects: 6.971916 ms  DeleteObjects: 0.082167 ms)

AssetImportParameters requested are different than current active one (requested -> active):
  custom:video-decoder-ogg-theora: a1e56fd34408186e4bbccfd4996cb3dc -> 
  custom:container-muxer-webm: aa71ff27fc2769a1b78a27578f13a17b -> 
  custom:container-demuxer-webm: 4f35f7cbe854078d1ac9338744f61a02 -> 
  custom:video-encoder-webm-vp8: eb34c28f22e8b96e1ab97ce403110664 -> 
  custom:framework-osx-AVFoundation: e770b220cccbd017edd2c1fefb359320 -> 
  custom:audio-encoder-webm-vorbis: bf7c407c2cedff20999df2af8eb42d56 -> 
  custom:container-demuxer-ogg: 62fdf1f143b41e24485cea50d1cbac27 -> 
  custom:video-decoder-webm-vp8: 9c59270c3fd7afecdb556c50c9e8de78 -> 
  custom:audio-decoder-ogg-vorbis: bf7c407c2cedff20999df2af8eb42d56 -> 
========================================================================
Received Prepare
Refreshing native plugins compatible for Editor in 4.98 ms, found 2 plugins.
Preloading 0 native plugins for Editor in 0.00 ms.
Unloading 21 Unused Serialized files (Serialized files now loaded: 0)
Unloading 21 unused Assets / (87.7 KB). Loaded Objects now: 4382.
Memory consumption went from 231.5 MB to 231.4 MB.
Total: 7.743000 ms (FindLiveObjects: 0.303625 ms CreateObjectMapping: 0.052708 ms MarkObjects: 7.292458 ms  DeleteObjects: 0.093917 ms)

AssetImportParameters requested are different than current active one (requested -> active):
  custom:video-decoder-ogg-theora: a1e56fd34408186e4bbccfd4996cb3dc -> 
  custom:container-muxer-webm: aa71ff27fc2769a1b78a27578f13a17b -> 
  custom:container-demuxer-webm: 4f35f7cbe854078d1ac9338744f61a02 -> 
  custom:video-encoder-webm-vp8: eb34c28f22e8b96e1ab97ce403110664 -> 
  custom:framework-osx-AVFoundation: e770b220cccbd017edd2c1fefb359320 -> 
  custom:audio-encoder-webm-vorbis: bf7c407c2cedff20999df2af8eb42d56 -> 
  custom:container-demuxer-ogg: 62fdf1f143b41e24485cea50d1cbac27 -> 
  custom:video-decoder-webm-vp8: 9c59270c3fd7afecdb556c50c9e8de78 -> 
  custom:audio-decoder-ogg-vorbis: bf7c407c2cedff20999df2af8eb42d56 -> 
[usbmuxd] Detached: 7 00008030-000E688A14D1802E
